<?xml version="1.0" encoding="utf-8"?>
<TestRun id="bd7982d8-13dd-4bd4-97c5-e08dd688ce4c" name="VssAdministrator@WIN-9E7H9V9S7NI 2020-08-05 17:27:03" runUser="WIN-9E7H9V9S7NI\VssAdministrator" xmlns="http://microsoft.com/schemas/VisualStudio/TeamTest/2010">
  <Times creation="2020-08-05T17:27:03.4692201+00:00" queuing="2020-08-05T17:27:03.4692204+00:00" start="2020-08-05T17:27:01.5927757+00:00" finish="2020-08-05T17:27:03.4948177+00:00" />
  <TestSettings name="default" id="5d4fe8a3-cc0a-4773-bdc6-373c5dc335ff">
    <Deployment runDeploymentRoot="VssAdministrator_WIN-9E7H9V9S7NI_2020-08-05_17_27_03" />
  </TestSettings>
  <Results>
    <UnitTestResult executionId="3f276a6e-5af2-42d0-a330-82c09e63fe8c" testId="c4aeef4d-0663-936d-acb4-8d69164735b9" testName="Post_IsDemandCreated_ReturnsTrue" computerName="WIN-9E7H9V9S7NI" duration="00:00:00.0305240" startTime="2020-08-05T17:27:03.0000000+00:00" endTime="2020-08-05T17:27:03.0000000+00:00" testType="13cdc9d9-ddb5-4fa4-a97d-d965ccfc6d4b" outcome="Passed" testListId="8c84fa94-04c1-424b-9868-57a2d4851a1d" relativeResultsDirectory="3f276a6e-5af2-42d0-a330-82c09e63fe8c" />
    <UnitTestResult executionId="7220c9a0-ccc7-44d6-8e84-264c20f52521" testId="916c142e-bdfa-e46e-5ab9-50b2b2fe5a14" testName="Get_CreatedDemand_ReturnsListOfDemandResource" computerName="WIN-9E7H9V9S7NI" duration="00:00:00.2109460" startTime="2020-08-05T17:27:02.0000000+00:00" endTime="2020-08-05T17:27:03.0000000+00:00" testType="13cdc9d9-ddb5-4fa4-a97d-d965ccfc6d4b" outcome="Passed" testListId="8c84fa94-04c1-424b-9868-57a2d4851a1d" relativeResultsDirectory="7220c9a0-ccc7-44d6-8e84-264c20f52521" />
    <UnitTestResult executionId="38ed1989-8d10-4f69-8329-0e3484e1d275" testId="cb3e492e-4c93-68d5-203b-6a28d2b1a949" testName="Post_IsDemandNull_ReturnsFalse" computerName="WIN-9E7H9V9S7NI" duration="00:00:00.0054000" startTime="2020-08-05T17:27:03.0000000+00:00" endTime="2020-08-05T17:27:03.0000000+00:00" testType="13cdc9d9-ddb5-4fa4-a97d-d965ccfc6d4b" outcome="Passed" testListId="8c84fa94-04c1-424b-9868-57a2d4851a1d" relativeResultsDirectory="38ed1989-8d10-4f69-8329-0e3484e1d275" />
  </Results>
  <TestDefinitions>
    <UnitTest name="Post_IsDemandCreated_ReturnsTrue" storage="d:\a\1\s\mastertestcode\samplemasterprojtest\bin\release\netcoreapp3.1\samplemasterprojtest.dll" id="c4aeef4d-0663-936d-acb4-8d69164735b9">
      <Execution id="3f276a6e-5af2-42d0-a330-82c09e63fe8c" />
      <TestMethod codeBase="D:\a\1\s\MasterTestCode\SampleMasterProjTest\bin\release\netcoreapp3.1\SampleMasterProjTest.dll" adapterTypeName="executor://nunit3testexecutor/" className="SampleMasterProjTest.DemandControllerTests" name="Post_IsDemandCreated_ReturnsTrue" />
    </UnitTest>
    <UnitTest name="Post_IsDemandNull_ReturnsFalse" storage="d:\a\1\s\mastertestcode\samplemasterprojtest\bin\release\netcoreapp3.1\samplemasterprojtest.dll" id="cb3e492e-4c93-68d5-203b-6a28d2b1a949">
      <Execution id="38ed1989-8d10-4f69-8329-0e3484e1d275" />
      <TestMethod codeBase="D:\a\1\s\MasterTestCode\SampleMasterProjTest\bin\release\netcoreapp3.1\SampleMasterProjTest.dll" adapterTypeName="executor://nunit3testexecutor/" className="SampleMasterProjTest.DemandControllerTests" name="Post_IsDemandNull_ReturnsFalse" />
    </UnitTest>
    <UnitTest name="Get_CreatedDemand_ReturnsListOfDemandResource" storage="d:\a\1\s\mastertestcode\samplemasterprojtest\bin\release\netcoreapp3.1\samplemasterprojtest.dll" id="916c142e-bdfa-e46e-5ab9-50b2b2fe5a14">
      <Execution id="7220c9a0-ccc7-44d6-8e84-264c20f52521" />
      <TestMethod codeBase="D:\a\1\s\MasterTestCode\SampleMasterProjTest\bin\release\netcoreapp3.1\SampleMasterProjTest.dll" adapterTypeName="executor://nunit3testexecutor/" className="SampleMasterProjTest.DemandControllerTests" name="Get_CreatedDemand_ReturnsListOfDemandResource" />
    </UnitTest>
  </TestDefinitions>
  <TestEntries>
    <TestEntry testId="c4aeef4d-0663-936d-acb4-8d69164735b9" executionId="3f276a6e-5af2-42d0-a330-82c09e63fe8c" testListId="8c84fa94-04c1-424b-9868-57a2d4851a1d" />
    <TestEntry testId="916c142e-bdfa-e46e-5ab9-50b2b2fe5a14" executionId="7220c9a0-ccc7-44d6-8e84-264c20f52521" testListId="8c84fa94-04c1-424b-9868-57a2d4851a1d" />
    <TestEntry testId="cb3e492e-4c93-68d5-203b-6a28d2b1a949" executionId="38ed1989-8d10-4f69-8329-0e3484e1d275" testListId="8c84fa94-04c1-424b-9868-57a2d4851a1d" />
  </TestEntries>
  <TestLists>
    <TestList name="Results Not in a List" id="8c84fa94-04c1-424b-9868-57a2d4851a1d" />
    <TestList name="All Loaded Results" id="19431567-8539-422a-85d7-44ee4e166bda" />
  </TestLists>
  <ResultSummary outcome="Completed">
    <Counters total="3" executed="3" passed="3" failed="0" error="0" timeout="0" aborted="0" inconclusive="0" passedButRunAborted="0" notRunnable="0" notExecuted="0" disconnected="0" warning="0" completed="0" inProgress="0" pending="0" />
    <Output>
      <StdOut>NUnit Adapter 3.15.1.0: Test execution started&#xD;
Running all tests in D:\a\1\s\MasterTestCode\SampleMasterProjTest\bin\release\netcoreapp3.1\SampleMasterProjTest.dll&#xD;
   NUnit3TestExecutor converted 3 of 3 NUnit test cases&#xD;
NUnit Adapter 3.15.1.0: Test execution complete&#xD;
</StdOut>
    </Output>
  </ResultSummary>
</TestRun>