<?xml version="1.0" encoding="utf-8"?>
<TestRun id="e402e909-418f-4e12-9ad9-edc57e6054fe" name="VssAdministrator@WIN-DBHDR4VVAQB 2020-08-04 19:12:12" runUser="WIN-DBHDR4VVAQB\VssAdministrator" xmlns="http://microsoft.com/schemas/VisualStudio/TeamTest/2010">
  <Times creation="2020-08-04T19:12:12.7413706+00:00" queuing="2020-08-04T19:12:12.7413708+00:00" start="2020-08-04T19:12:11.0691656+00:00" finish="2020-08-04T19:12:12.7607079+00:00" />
  <TestSettings name="default" id="296c7b5c-8467-4b59-b357-33e8b5ca203f">
    <Deployment runDeploymentRoot="VssAdministrator_WIN-DBHDR4VVAQB_2020-08-04_19_12_12" />
  </TestSettings>
  <Results>
    <UnitTestResult executionId="33dba920-615a-43b9-bfb6-34b36748b50e" testId="c4aeef4d-0663-936d-acb4-8d69164735b9" testName="Post_IsDemandCreated_ReturnsTrue" computerName="WIN-DBHDR4VVAQB" duration="00:00:00.0404460" startTime="2020-08-04T19:12:12.0000000+00:00" endTime="2020-08-04T19:12:12.0000000+00:00" testType="13cdc9d9-ddb5-4fa4-a97d-d965ccfc6d4b" outcome="Passed" testListId="8c84fa94-04c1-424b-9868-57a2d4851a1d" relativeResultsDirectory="33dba920-615a-43b9-bfb6-34b36748b50e" />
    <UnitTestResult executionId="1baee5fb-a719-46df-b198-084e3973f4cf" testId="cb3e492e-4c93-68d5-203b-6a28d2b1a949" testName="Post_IsDemandNull_ReturnsFalse" computerName="WIN-DBHDR4VVAQB" duration="00:00:00.0074470" startTime="2020-08-04T19:12:12.0000000+00:00" endTime="2020-08-04T19:12:12.0000000+00:00" testType="13cdc9d9-ddb5-4fa4-a97d-d965ccfc6d4b" outcome="Passed" testListId="8c84fa94-04c1-424b-9868-57a2d4851a1d" relativeResultsDirectory="1baee5fb-a719-46df-b198-084e3973f4cf" />
    <UnitTestResult executionId="7f5a5f29-a330-4e89-a025-794c1b3ab4e2" testId="916c142e-bdfa-e46e-5ab9-50b2b2fe5a14" testName="Get_CreatedDemand_ReturnsListOfDemandResource" computerName="WIN-DBHDR4VVAQB" duration="00:00:00.2349230" startTime="2020-08-04T19:12:12.0000000+00:00" endTime="2020-08-04T19:12:12.0000000+00:00" testType="13cdc9d9-ddb5-4fa4-a97d-d965ccfc6d4b" outcome="Passed" testListId="8c84fa94-04c1-424b-9868-57a2d4851a1d" relativeResultsDirectory="7f5a5f29-a330-4e89-a025-794c1b3ab4e2" />
  </Results>
  <TestDefinitions>
    <UnitTest name="Post_IsDemandCreated_ReturnsTrue" storage="d:\a\1\s\mastertestcode\samplemasterprojtest\bin\release\netcoreapp3.1\samplemasterprojtest.dll" id="c4aeef4d-0663-936d-acb4-8d69164735b9">
      <Execution id="33dba920-615a-43b9-bfb6-34b36748b50e" />
      <TestMethod codeBase="D:\a\1\s\MasterTestCode\SampleMasterProjTest\bin\release\netcoreapp3.1\SampleMasterProjTest.dll" adapterTypeName="executor://nunit3testexecutor/" className="SampleMasterProjTest.DemandControllerTests" name="Post_IsDemandCreated_ReturnsTrue" />
    </UnitTest>
    <UnitTest name="Post_IsDemandNull_ReturnsFalse" storage="d:\a\1\s\mastertestcode\samplemasterprojtest\bin\release\netcoreapp3.1\samplemasterprojtest.dll" id="cb3e492e-4c93-68d5-203b-6a28d2b1a949">
      <Execution id="1baee5fb-a719-46df-b198-084e3973f4cf" />
      <TestMethod codeBase="D:\a\1\s\MasterTestCode\SampleMasterProjTest\bin\release\netcoreapp3.1\SampleMasterProjTest.dll" adapterTypeName="executor://nunit3testexecutor/" className="SampleMasterProjTest.DemandControllerTests" name="Post_IsDemandNull_ReturnsFalse" />
    </UnitTest>
    <UnitTest name="Get_CreatedDemand_ReturnsListOfDemandResource" storage="d:\a\1\s\mastertestcode\samplemasterprojtest\bin\release\netcoreapp3.1\samplemasterprojtest.dll" id="916c142e-bdfa-e46e-5ab9-50b2b2fe5a14">
      <Execution id="7f5a5f29-a330-4e89-a025-794c1b3ab4e2" />
      <TestMethod codeBase="D:\a\1\s\MasterTestCode\SampleMasterProjTest\bin\release\netcoreapp3.1\SampleMasterProjTest.dll" adapterTypeName="executor://nunit3testexecutor/" className="SampleMasterProjTest.DemandControllerTests" name="Get_CreatedDemand_ReturnsListOfDemandResource" />
    </UnitTest>
  </TestDefinitions>
  <TestEntries>
    <TestEntry testId="c4aeef4d-0663-936d-acb4-8d69164735b9" executionId="33dba920-615a-43b9-bfb6-34b36748b50e" testListId="8c84fa94-04c1-424b-9868-57a2d4851a1d" />
    <TestEntry testId="cb3e492e-4c93-68d5-203b-6a28d2b1a949" executionId="1baee5fb-a719-46df-b198-084e3973f4cf" testListId="8c84fa94-04c1-424b-9868-57a2d4851a1d" />
    <TestEntry testId="916c142e-bdfa-e46e-5ab9-50b2b2fe5a14" executionId="7f5a5f29-a330-4e89-a025-794c1b3ab4e2" testListId="8c84fa94-04c1-424b-9868-57a2d4851a1d" />
  </TestEntries>
  <TestLists>
    <TestList name="Results Not in a List" id="8c84fa94-04c1-424b-9868-57a2d4851a1d" />
    <TestList name="All Loaded Results" id="19431567-8539-422a-85d7-44ee4e166bda" />
  </TestLists>
  <ResultSummary outcome="Completed">
    <Counters total="3" executed="3" passed="3" failed="0" error="0" timeout="0" aborted="0" inconclusive="0" passedButRunAborted="0" notRunnable="0" notExecuted="0" disconnected="0" warning="0" completed="0" inProgress="0" pending="0" />
    <Output>
      <StdOut>NUnit Adapter 3.15.1.0: Test execution started&#xD;
Running all tests in D:\a\1\s\MasterTestCode\SampleMasterProjTest\bin\release\netcoreapp3.1\SampleMasterProjTest.dll&#xD;
   NUnit3TestExecutor converted 3 of 3 NUnit test cases&#xD;
NUnit Adapter 3.15.1.0: Test execution complete&#xD;
</StdOut>
    </Output>
  </ResultSummary>
</TestRun>