<?xml version="1.0" encoding="utf-8"?>
<TestRun id="4545e099-6f86-4407-9f1e-66d24180bd9a" name="VssAdministrator@WIN-DBHDR4VVAQB 2020-08-04 17:32:32" runUser="WIN-DBHDR4VVAQB\VssAdministrator" xmlns="http://microsoft.com/schemas/VisualStudio/TeamTest/2010">
  <Times creation="2020-08-04T17:32:32.3530818+00:00" queuing="2020-08-04T17:32:32.3530820+00:00" start="2020-08-04T17:32:30.6066447+00:00" finish="2020-08-04T17:32:32.3748640+00:00" />
  <TestSettings name="default" id="373e4433-cd2f-40b7-8b89-6ab0a2c06ebe">
    <Deployment runDeploymentRoot="VssAdministrator_WIN-DBHDR4VVAQB_2020-08-04_17_32_32" />
  </TestSettings>
  <Results>
    <UnitTestResult executionId="305478b2-f7f0-4818-8b21-e292bc49ff5e" testId="c4aeef4d-0663-936d-acb4-8d69164735b9" testName="Post_IsDemandCreated_ReturnsTrue" computerName="WIN-DBHDR4VVAQB" duration="00:00:00.0389969" startTime="2020-08-04T17:32:32.0000000+00:00" endTime="2020-08-04T17:32:32.0000000+00:00" testType="13cdc9d9-ddb5-4fa4-a97d-d965ccfc6d4b" outcome="Passed" testListId="8c84fa94-04c1-424b-9868-57a2d4851a1d" relativeResultsDirectory="305478b2-f7f0-4818-8b21-e292bc49ff5e" />
    <UnitTestResult executionId="aa0483df-d21d-4383-8f99-b25563484a8c" testId="cb3e492e-4c93-68d5-203b-6a28d2b1a949" testName="Post_IsDemandNull_ReturnsFalse" computerName="WIN-DBHDR4VVAQB" duration="00:00:00.0050040" startTime="2020-08-04T17:32:32.0000000+00:00" endTime="2020-08-04T17:32:32.0000000+00:00" testType="13cdc9d9-ddb5-4fa4-a97d-d965ccfc6d4b" outcome="Passed" testListId="8c84fa94-04c1-424b-9868-57a2d4851a1d" relativeResultsDirectory="aa0483df-d21d-4383-8f99-b25563484a8c" />
    <UnitTestResult executionId="b8f420d7-1992-4fcb-902d-f7872d078fb6" testId="916c142e-bdfa-e46e-5ab9-50b2b2fe5a14" testName="Get_CreatedDemand_ReturnsListOfDemandResource" computerName="WIN-DBHDR4VVAQB" duration="00:00:00.2493720" startTime="2020-08-04T17:32:31.0000000+00:00" endTime="2020-08-04T17:32:32.0000000+00:00" testType="13cdc9d9-ddb5-4fa4-a97d-d965ccfc6d4b" outcome="Passed" testListId="8c84fa94-04c1-424b-9868-57a2d4851a1d" relativeResultsDirectory="b8f420d7-1992-4fcb-902d-f7872d078fb6" />
  </Results>
  <TestDefinitions>
    <UnitTest name="Post_IsDemandCreated_ReturnsTrue" storage="d:\a\1\s\mastertestcode\samplemasterprojtest\bin\release\netcoreapp3.1\samplemasterprojtest.dll" id="c4aeef4d-0663-936d-acb4-8d69164735b9">
      <Execution id="305478b2-f7f0-4818-8b21-e292bc49ff5e" />
      <TestMethod codeBase="D:\a\1\s\MasterTestCode\SampleMasterProjTest\bin\release\netcoreapp3.1\SampleMasterProjTest.dll" adapterTypeName="executor://nunit3testexecutor/" className="SampleMasterProjTest.DemandControllerTests" name="Post_IsDemandCreated_ReturnsTrue" />
    </UnitTest>
    <UnitTest name="Post_IsDemandNull_ReturnsFalse" storage="d:\a\1\s\mastertestcode\samplemasterprojtest\bin\release\netcoreapp3.1\samplemasterprojtest.dll" id="cb3e492e-4c93-68d5-203b-6a28d2b1a949">
      <Execution id="aa0483df-d21d-4383-8f99-b25563484a8c" />
      <TestMethod codeBase="D:\a\1\s\MasterTestCode\SampleMasterProjTest\bin\release\netcoreapp3.1\SampleMasterProjTest.dll" adapterTypeName="executor://nunit3testexecutor/" className="SampleMasterProjTest.DemandControllerTests" name="Post_IsDemandNull_ReturnsFalse" />
    </UnitTest>
    <UnitTest name="Get_CreatedDemand_ReturnsListOfDemandResource" storage="d:\a\1\s\mastertestcode\samplemasterprojtest\bin\release\netcoreapp3.1\samplemasterprojtest.dll" id="916c142e-bdfa-e46e-5ab9-50b2b2fe5a14">
      <Execution id="b8f420d7-1992-4fcb-902d-f7872d078fb6" />
      <TestMethod codeBase="D:\a\1\s\MasterTestCode\SampleMasterProjTest\bin\release\netcoreapp3.1\SampleMasterProjTest.dll" adapterTypeName="executor://nunit3testexecutor/" className="SampleMasterProjTest.DemandControllerTests" name="Get_CreatedDemand_ReturnsListOfDemandResource" />
    </UnitTest>
  </TestDefinitions>
  <TestEntries>
    <TestEntry testId="c4aeef4d-0663-936d-acb4-8d69164735b9" executionId="305478b2-f7f0-4818-8b21-e292bc49ff5e" testListId="8c84fa94-04c1-424b-9868-57a2d4851a1d" />
    <TestEntry testId="cb3e492e-4c93-68d5-203b-6a28d2b1a949" executionId="aa0483df-d21d-4383-8f99-b25563484a8c" testListId="8c84fa94-04c1-424b-9868-57a2d4851a1d" />
    <TestEntry testId="916c142e-bdfa-e46e-5ab9-50b2b2fe5a14" executionId="b8f420d7-1992-4fcb-902d-f7872d078fb6" testListId="8c84fa94-04c1-424b-9868-57a2d4851a1d" />
  </TestEntries>
  <TestLists>
    <TestList name="Results Not in a List" id="8c84fa94-04c1-424b-9868-57a2d4851a1d" />
    <TestList name="All Loaded Results" id="19431567-8539-422a-85d7-44ee4e166bda" />
  </TestLists>
  <ResultSummary outcome="Completed">
    <Counters total="3" executed="3" passed="3" failed="0" error="0" timeout="0" aborted="0" inconclusive="0" passedButRunAborted="0" notRunnable="0" notExecuted="0" disconnected="0" warning="0" completed="0" inProgress="0" pending="0" />
    <Output>
      <StdOut>NUnit Adapter 3.15.1.0: Test execution started&#xD;
Running all tests in D:\a\1\s\MasterTestCode\SampleMasterProjTest\bin\release\netcoreapp3.1\SampleMasterProjTest.dll&#xD;
   NUnit3TestExecutor converted 3 of 3 NUnit test cases&#xD;
NUnit Adapter 3.15.1.0: Test execution complete&#xD;
</StdOut>
    </Output>
  </ResultSummary>
</TestRun>