<?xml version="1.0" encoding="utf-8"?>
<TestRun id="7519f420-fa99-4bbb-908f-44b0a48dd668" name="VssAdministrator@WIN-9E7H9V9S7NI 2020-08-05 15:52:54" runUser="WIN-9E7H9V9S7NI\VssAdministrator" xmlns="http://microsoft.com/schemas/VisualStudio/TeamTest/2010">
  <Times creation="2020-08-05T15:52:54.9489367+00:00" queuing="2020-08-05T15:52:54.9489370+00:00" start="2020-08-05T15:52:52.5609740+00:00" finish="2020-08-05T15:52:54.9775761+00:00" />
  <TestSettings name="default" id="33671e0c-b4bb-4094-a075-ddcf4559436e">
    <Deployment runDeploymentRoot="VssAdministrator_WIN-9E7H9V9S7NI_2020-08-05_15_52_54" />
  </TestSettings>
  <Results>
    <UnitTestResult executionId="db4f424a-19c6-4ef6-8ab4-60c27d84d806" testId="916c142e-bdfa-e46e-5ab9-50b2b2fe5a14" testName="Get_CreatedDemand_ReturnsListOfDemandResource" computerName="WIN-9E7H9V9S7NI" duration="00:00:00.3708290" startTime="2020-08-05T15:52:54.0000000+00:00" endTime="2020-08-05T15:52:54.0000000+00:00" testType="13cdc9d9-ddb5-4fa4-a97d-d965ccfc6d4b" outcome="Passed" testListId="8c84fa94-04c1-424b-9868-57a2d4851a1d" relativeResultsDirectory="db4f424a-19c6-4ef6-8ab4-60c27d84d806" />
    <UnitTestResult executionId="80e5eaff-d22b-47a9-b439-3d4e3059ed1f" testId="c4aeef4d-0663-936d-acb4-8d69164735b9" testName="Post_IsDemandCreated_ReturnsTrue" computerName="WIN-9E7H9V9S7NI" duration="00:00:00.0668620" startTime="2020-08-05T15:52:54.0000000+00:00" endTime="2020-08-05T15:52:54.0000000+00:00" testType="13cdc9d9-ddb5-4fa4-a97d-d965ccfc6d4b" outcome="Passed" testListId="8c84fa94-04c1-424b-9868-57a2d4851a1d" relativeResultsDirectory="80e5eaff-d22b-47a9-b439-3d4e3059ed1f" />
    <UnitTestResult executionId="003084b6-2a9c-471f-b2b5-ca98683fb598" testId="cb3e492e-4c93-68d5-203b-6a28d2b1a949" testName="Post_IsDemandNull_ReturnsFalse" computerName="WIN-9E7H9V9S7NI" duration="00:00:00.0065790" startTime="2020-08-05T15:52:54.0000000+00:00" endTime="2020-08-05T15:52:54.0000000+00:00" testType="13cdc9d9-ddb5-4fa4-a97d-d965ccfc6d4b" outcome="Passed" testListId="8c84fa94-04c1-424b-9868-57a2d4851a1d" relativeResultsDirectory="003084b6-2a9c-471f-b2b5-ca98683fb598" />
  </Results>
  <TestDefinitions>
    <UnitTest name="Post_IsDemandCreated_ReturnsTrue" storage="d:\a\1\s\mastertestcode\samplemasterprojtest\bin\release\netcoreapp3.1\samplemasterprojtest.dll" id="c4aeef4d-0663-936d-acb4-8d69164735b9">
      <Execution id="80e5eaff-d22b-47a9-b439-3d4e3059ed1f" />
      <TestMethod codeBase="D:\a\1\s\MasterTestCode\SampleMasterProjTest\bin\release\netcoreapp3.1\SampleMasterProjTest.dll" adapterTypeName="executor://nunit3testexecutor/" className="SampleMasterProjTest.DemandControllerTests" name="Post_IsDemandCreated_ReturnsTrue" />
    </UnitTest>
    <UnitTest name="Post_IsDemandNull_ReturnsFalse" storage="d:\a\1\s\mastertestcode\samplemasterprojtest\bin\release\netcoreapp3.1\samplemasterprojtest.dll" id="cb3e492e-4c93-68d5-203b-6a28d2b1a949">
      <Execution id="003084b6-2a9c-471f-b2b5-ca98683fb598" />
      <TestMethod codeBase="D:\a\1\s\MasterTestCode\SampleMasterProjTest\bin\release\netcoreapp3.1\SampleMasterProjTest.dll" adapterTypeName="executor://nunit3testexecutor/" className="SampleMasterProjTest.DemandControllerTests" name="Post_IsDemandNull_ReturnsFalse" />
    </UnitTest>
    <UnitTest name="Get_CreatedDemand_ReturnsListOfDemandResource" storage="d:\a\1\s\mastertestcode\samplemasterprojtest\bin\release\netcoreapp3.1\samplemasterprojtest.dll" id="916c142e-bdfa-e46e-5ab9-50b2b2fe5a14">
      <Execution id="db4f424a-19c6-4ef6-8ab4-60c27d84d806" />
      <TestMethod codeBase="D:\a\1\s\MasterTestCode\SampleMasterProjTest\bin\release\netcoreapp3.1\SampleMasterProjTest.dll" adapterTypeName="executor://nunit3testexecutor/" className="SampleMasterProjTest.DemandControllerTests" name="Get_CreatedDemand_ReturnsListOfDemandResource" />
    </UnitTest>
  </TestDefinitions>
  <TestEntries>
    <TestEntry testId="916c142e-bdfa-e46e-5ab9-50b2b2fe5a14" executionId="db4f424a-19c6-4ef6-8ab4-60c27d84d806" testListId="8c84fa94-04c1-424b-9868-57a2d4851a1d" />
    <TestEntry testId="c4aeef4d-0663-936d-acb4-8d69164735b9" executionId="80e5eaff-d22b-47a9-b439-3d4e3059ed1f" testListId="8c84fa94-04c1-424b-9868-57a2d4851a1d" />
    <TestEntry testId="cb3e492e-4c93-68d5-203b-6a28d2b1a949" executionId="003084b6-2a9c-471f-b2b5-ca98683fb598" testListId="8c84fa94-04c1-424b-9868-57a2d4851a1d" />
  </TestEntries>
  <TestLists>
    <TestList name="Results Not in a List" id="8c84fa94-04c1-424b-9868-57a2d4851a1d" />
    <TestList name="All Loaded Results" id="19431567-8539-422a-85d7-44ee4e166bda" />
  </TestLists>
  <ResultSummary outcome="Completed">
    <Counters total="3" executed="3" passed="3" failed="0" error="0" timeout="0" aborted="0" inconclusive="0" passedButRunAborted="0" notRunnable="0" notExecuted="0" disconnected="0" warning="0" completed="0" inProgress="0" pending="0" />
    <Output>
      <StdOut>NUnit Adapter 3.15.1.0: Test execution started&#xD;
Running all tests in D:\a\1\s\MasterTestCode\SampleMasterProjTest\bin\release\netcoreapp3.1\SampleMasterProjTest.dll&#xD;
   NUnit3TestExecutor converted 3 of 3 NUnit test cases&#xD;
NUnit Adapter 3.15.1.0: Test execution complete&#xD;
</StdOut>
    </Output>
  </ResultSummary>
</TestRun>