<?xml version="1.0" encoding="utf-8"?>
<TestRun id="3967e3fe-f3ef-4103-b9d2-b2289c0105c4" name="VssAdministrator@WIN-DBHDR4VVAQB 2020-08-04 17:07:49" runUser="WIN-DBHDR4VVAQB\VssAdministrator" xmlns="http://microsoft.com/schemas/VisualStudio/TeamTest/2010">
  <Times creation="2020-08-04T17:07:49.3349396+00:00" queuing="2020-08-04T17:07:49.3349399+00:00" start="2020-08-04T17:07:47.8552412+00:00" finish="2020-08-04T17:07:49.3582650+00:00" />
  <TestSettings name="default" id="7180a0af-864a-4979-afe4-b738363a566a">
    <Deployment runDeploymentRoot="VssAdministrator_WIN-DBHDR4VVAQB_2020-08-04_17_07_49" />
  </TestSettings>
  <Results>
    <UnitTestResult executionId="34a31f38-b72d-4afa-9d79-7b51513e93eb" testId="916c142e-bdfa-e46e-5ab9-50b2b2fe5a14" testName="Get_CreatedDemand_ReturnsListOfDemandResource" computerName="WIN-DBHDR4VVAQB" duration="00:00:00.2102710" startTime="2020-08-04T17:07:48.0000000+00:00" endTime="2020-08-04T17:07:49.0000000+00:00" testType="13cdc9d9-ddb5-4fa4-a97d-d965ccfc6d4b" outcome="Passed" testListId="8c84fa94-04c1-424b-9868-57a2d4851a1d" relativeResultsDirectory="34a31f38-b72d-4afa-9d79-7b51513e93eb" />
    <UnitTestResult executionId="7e9acc86-8d01-4cf8-a9fb-d163a4e19093" testId="c4aeef4d-0663-936d-acb4-8d69164735b9" testName="Post_IsDemandCreated_ReturnsTrue" computerName="WIN-DBHDR4VVAQB" duration="00:00:00.0282130" startTime="2020-08-04T17:07:49.0000000+00:00" endTime="2020-08-04T17:07:49.0000000+00:00" testType="13cdc9d9-ddb5-4fa4-a97d-d965ccfc6d4b" outcome="Passed" testListId="8c84fa94-04c1-424b-9868-57a2d4851a1d" relativeResultsDirectory="7e9acc86-8d01-4cf8-a9fb-d163a4e19093" />
    <UnitTestResult executionId="c3986428-0b6d-4514-93d6-b8ceb0328463" testId="cb3e492e-4c93-68d5-203b-6a28d2b1a949" testName="Post_IsDemandNull_ReturnsFalse" computerName="WIN-DBHDR4VVAQB" duration="00:00:00.0047370" startTime="2020-08-04T17:07:49.0000000+00:00" endTime="2020-08-04T17:07:49.0000000+00:00" testType="13cdc9d9-ddb5-4fa4-a97d-d965ccfc6d4b" outcome="Passed" testListId="8c84fa94-04c1-424b-9868-57a2d4851a1d" relativeResultsDirectory="c3986428-0b6d-4514-93d6-b8ceb0328463" />
  </Results>
  <TestDefinitions>
    <UnitTest name="Post_IsDemandCreated_ReturnsTrue" storage="d:\a\1\s\mastertestcode\samplemasterprojtest\bin\release\netcoreapp3.1\samplemasterprojtest.dll" id="c4aeef4d-0663-936d-acb4-8d69164735b9">
      <Execution id="7e9acc86-8d01-4cf8-a9fb-d163a4e19093" />
      <TestMethod codeBase="D:\a\1\s\MasterTestCode\SampleMasterProjTest\bin\release\netcoreapp3.1\SampleMasterProjTest.dll" adapterTypeName="executor://nunit3testexecutor/" className="SampleMasterProjTest.DemandControllerTests" name="Post_IsDemandCreated_ReturnsTrue" />
    </UnitTest>
    <UnitTest name="Post_IsDemandNull_ReturnsFalse" storage="d:\a\1\s\mastertestcode\samplemasterprojtest\bin\release\netcoreapp3.1\samplemasterprojtest.dll" id="cb3e492e-4c93-68d5-203b-6a28d2b1a949">
      <Execution id="c3986428-0b6d-4514-93d6-b8ceb0328463" />
      <TestMethod codeBase="D:\a\1\s\MasterTestCode\SampleMasterProjTest\bin\release\netcoreapp3.1\SampleMasterProjTest.dll" adapterTypeName="executor://nunit3testexecutor/" className="SampleMasterProjTest.DemandControllerTests" name="Post_IsDemandNull_ReturnsFalse" />
    </UnitTest>
    <UnitTest name="Get_CreatedDemand_ReturnsListOfDemandResource" storage="d:\a\1\s\mastertestcode\samplemasterprojtest\bin\release\netcoreapp3.1\samplemasterprojtest.dll" id="916c142e-bdfa-e46e-5ab9-50b2b2fe5a14">
      <Execution id="34a31f38-b72d-4afa-9d79-7b51513e93eb" />
      <TestMethod codeBase="D:\a\1\s\MasterTestCode\SampleMasterProjTest\bin\release\netcoreapp3.1\SampleMasterProjTest.dll" adapterTypeName="executor://nunit3testexecutor/" className="SampleMasterProjTest.DemandControllerTests" name="Get_CreatedDemand_ReturnsListOfDemandResource" />
    </UnitTest>
  </TestDefinitions>
  <TestEntries>
    <TestEntry testId="916c142e-bdfa-e46e-5ab9-50b2b2fe5a14" executionId="34a31f38-b72d-4afa-9d79-7b51513e93eb" testListId="8c84fa94-04c1-424b-9868-57a2d4851a1d" />
    <TestEntry testId="c4aeef4d-0663-936d-acb4-8d69164735b9" executionId="7e9acc86-8d01-4cf8-a9fb-d163a4e19093" testListId="8c84fa94-04c1-424b-9868-57a2d4851a1d" />
    <TestEntry testId="cb3e492e-4c93-68d5-203b-6a28d2b1a949" executionId="c3986428-0b6d-4514-93d6-b8ceb0328463" testListId="8c84fa94-04c1-424b-9868-57a2d4851a1d" />
  </TestEntries>
  <TestLists>
    <TestList name="Results Not in a List" id="8c84fa94-04c1-424b-9868-57a2d4851a1d" />
    <TestList name="All Loaded Results" id="19431567-8539-422a-85d7-44ee4e166bda" />
  </TestLists>
  <ResultSummary outcome="Completed">
    <Counters total="3" executed="3" passed="3" failed="0" error="0" timeout="0" aborted="0" inconclusive="0" passedButRunAborted="0" notRunnable="0" notExecuted="0" disconnected="0" warning="0" completed="0" inProgress="0" pending="0" />
    <Output>
      <StdOut>NUnit Adapter 3.15.1.0: Test execution started&#xD;
Running all tests in D:\a\1\s\MasterTestCode\SampleMasterProjTest\bin\release\netcoreapp3.1\SampleMasterProjTest.dll&#xD;
   NUnit3TestExecutor converted 3 of 3 NUnit test cases&#xD;
NUnit Adapter 3.15.1.0: Test execution complete&#xD;
</StdOut>
    </Output>
  </ResultSummary>
</TestRun>