<?xml version="1.0" encoding="utf-8"?>
<TestRun id="3e2ffcf6-5310-4fed-9952-071e55031ba2" name="VssAdministrator@WIN-S8L41H46HBP 2020-08-06 10:11:37" runUser="WIN-S8L41H46HBP\VssAdministrator" xmlns="http://microsoft.com/schemas/VisualStudio/TeamTest/2010">
  <Times creation="2020-08-06T10:11:37.4542859+00:00" queuing="2020-08-06T10:11:37.4542860+00:00" start="2020-08-06T10:11:33.7359799+00:00" finish="2020-08-06T10:11:37.4799514+00:00" />
  <TestSettings name="default" id="d04549e5-b3f7-46a1-be5e-fd1c40f4bd14">
    <Deployment runDeploymentRoot="VssAdministrator_WIN-S8L41H46HBP_2020-08-06_10_11_37" />
  </TestSettings>
  <Results>
    <UnitTestResult executionId="b88f73ed-cfe9-406c-affb-e35e131e7f0d" testId="04448629-1353-95cd-05aa-c083ea645dca" testName="Dashboard_FailedToReturnsAsActionResult_WithoutDashboardPage" computerName="WIN-S8L41H46HBP" duration="00:00:00.5374610" startTime="2020-08-06T10:11:36.0000000+00:00" endTime="2020-08-06T10:11:36.0000000+00:00" testType="13cdc9d9-ddb5-4fa4-a97d-d965ccfc6d4b" outcome="Passed" testListId="8c84fa94-04c1-424b-9868-57a2d4851a1d" relativeResultsDirectory="b88f73ed-cfe9-406c-affb-e35e131e7f0d" />
    <UnitTestResult executionId="e66d4283-f0aa-4350-a99c-6802a9dae0ff" testId="dd3de31e-77d4-6953-1524-e35ec43850d7" testName="Dashboard_ReturnsAsActionResult_WithDashboardPage" computerName="WIN-S8L41H46HBP" duration="00:00:00.0016820" startTime="2020-08-06T10:11:36.0000000+00:00" endTime="2020-08-06T10:11:36.0000000+00:00" testType="13cdc9d9-ddb5-4fa4-a97d-d965ccfc6d4b" outcome="Passed" testListId="8c84fa94-04c1-424b-9868-57a2d4851a1d" relativeResultsDirectory="e66d4283-f0aa-4350-a99c-6802a9dae0ff" />
    <UnitTestResult executionId="8f4f30eb-7fd5-4ab9-ae97-ddbf78ebffe6" testId="332d8ab7-069c-0df0-7d3b-2e9e5f8d92ca" testName="Create_ReturnsAsActionResult_WithCreateDemandPage" computerName="WIN-S8L41H46HBP" duration="00:00:00.1788230" startTime="2020-08-06T10:11:36.0000000+00:00" endTime="2020-08-06T10:11:37.0000000+00:00" testType="13cdc9d9-ddb5-4fa4-a97d-d965ccfc6d4b" outcome="Passed" testListId="8c84fa94-04c1-424b-9868-57a2d4851a1d" relativeResultsDirectory="8f4f30eb-7fd5-4ab9-ae97-ddbf78ebffe6" />
    <UnitTestResult executionId="abc2315a-664b-4dba-ab18-5b3a3452fd65" testId="5ef51997-1946-12e9-f59b-1a31073f8bb0" testName="Index_ReturnsAsActionResult_WithLoginPage" computerName="WIN-S8L41H46HBP" duration="00:00:00.0030330" startTime="2020-08-06T10:11:37.0000000+00:00" endTime="2020-08-06T10:11:37.0000000+00:00" testType="13cdc9d9-ddb5-4fa4-a97d-d965ccfc6d4b" outcome="Passed" testListId="8c84fa94-04c1-424b-9868-57a2d4851a1d" relativeResultsDirectory="abc2315a-664b-4dba-ab18-5b3a3452fd65" />
  </Results>
  <TestDefinitions>
    <UnitTest name="Dashboard_FailedToReturnsAsActionResult_WithoutDashboardPage" storage="d:\a\1\s\samplecswebprojecttest\bin\release\netcoreapp3.1\samplecswebprojecttest.dll" id="04448629-1353-95cd-05aa-c083ea645dca">
      <Execution id="b88f73ed-cfe9-406c-affb-e35e131e7f0d" />
      <TestMethod codeBase="D:\a\1\s\SampleCSWebProjectTest\bin\release\netcoreapp3.1\SampleCSWebProjectTest.dll" adapterTypeName="executor://nunit3testexecutor/" className="SampleCSWebProjectTest.DashboardControllerTests" name="Dashboard_FailedToReturnsAsActionResult_WithoutDashboardPage" />
    </UnitTest>
    <UnitTest name="Create_ReturnsAsActionResult_WithCreateDemandPage" storage="d:\a\1\s\samplecswebprojecttest\bin\release\netcoreapp3.1\samplecswebprojecttest.dll" id="332d8ab7-069c-0df0-7d3b-2e9e5f8d92ca">
      <Execution id="8f4f30eb-7fd5-4ab9-ae97-ddbf78ebffe6" />
      <TestMethod codeBase="D:\a\1\s\SampleCSWebProjectTest\bin\release\netcoreapp3.1\SampleCSWebProjectTest.dll" adapterTypeName="executor://nunit3testexecutor/" className="SampleCSWebProjectTest.DemandControllerTests" name="Create_ReturnsAsActionResult_WithCreateDemandPage" />
    </UnitTest>
    <UnitTest name="Index_ReturnsAsActionResult_WithLoginPage" storage="d:\a\1\s\samplecswebprojecttest\bin\release\netcoreapp3.1\samplecswebprojecttest.dll" id="5ef51997-1946-12e9-f59b-1a31073f8bb0">
      <Execution id="abc2315a-664b-4dba-ab18-5b3a3452fd65" />
      <TestMethod codeBase="D:\a\1\s\SampleCSWebProjectTest\bin\release\netcoreapp3.1\SampleCSWebProjectTest.dll" adapterTypeName="executor://nunit3testexecutor/" className="SampleCSWebProjectTest.LoginControllerTests" name="Index_ReturnsAsActionResult_WithLoginPage" />
    </UnitTest>
    <UnitTest name="Dashboard_ReturnsAsActionResult_WithDashboardPage" storage="d:\a\1\s\samplecswebprojecttest\bin\release\netcoreapp3.1\samplecswebprojecttest.dll" id="dd3de31e-77d4-6953-1524-e35ec43850d7">
      <Execution id="e66d4283-f0aa-4350-a99c-6802a9dae0ff" />
      <TestMethod codeBase="D:\a\1\s\SampleCSWebProjectTest\bin\release\netcoreapp3.1\SampleCSWebProjectTest.dll" adapterTypeName="executor://nunit3testexecutor/" className="SampleCSWebProjectTest.DashboardControllerTests" name="Dashboard_ReturnsAsActionResult_WithDashboardPage" />
    </UnitTest>
  </TestDefinitions>
  <TestEntries>
    <TestEntry testId="04448629-1353-95cd-05aa-c083ea645dca" executionId="b88f73ed-cfe9-406c-affb-e35e131e7f0d" testListId="8c84fa94-04c1-424b-9868-57a2d4851a1d" />
    <TestEntry testId="dd3de31e-77d4-6953-1524-e35ec43850d7" executionId="e66d4283-f0aa-4350-a99c-6802a9dae0ff" testListId="8c84fa94-04c1-424b-9868-57a2d4851a1d" />
    <TestEntry testId="332d8ab7-069c-0df0-7d3b-2e9e5f8d92ca" executionId="8f4f30eb-7fd5-4ab9-ae97-ddbf78ebffe6" testListId="8c84fa94-04c1-424b-9868-57a2d4851a1d" />
    <TestEntry testId="5ef51997-1946-12e9-f59b-1a31073f8bb0" executionId="abc2315a-664b-4dba-ab18-5b3a3452fd65" testListId="8c84fa94-04c1-424b-9868-57a2d4851a1d" />
  </TestEntries>
  <TestLists>
    <TestList name="Results Not in a List" id="8c84fa94-04c1-424b-9868-57a2d4851a1d" />
    <TestList name="All Loaded Results" id="19431567-8539-422a-85d7-44ee4e166bda" />
  </TestLists>
  <ResultSummary outcome="Completed">
    <Counters total="4" executed="4" passed="4" failed="0" error="0" timeout="0" aborted="0" inconclusive="0" passedButRunAborted="0" notRunnable="0" notExecuted="0" disconnected="0" warning="0" completed="0" inProgress="0" pending="0" />
    <Output>
      <StdOut>NUnit Adapter 3.15.1.0: Test execution started&#xD;
Running all tests in D:\a\1\s\SampleCSWebProjectTest\bin\release\netcoreapp3.1\SampleCSWebProjectTest.dll&#xD;
   NUnit3TestExecutor converted 4 of 4 NUnit test cases&#xD;
NUnit Adapter 3.15.1.0: Test execution complete&#xD;
</StdOut>
    </Output>
    <CollectorDataEntries>
      <Collector agentName="WIN-S8L41H46HBP" uri="datacollector://microsoft/CodeCoverage/2.0" collectorDisplayName="Code Coverage">
        <UriAttachments>
          <UriAttachment>
            <A href="WIN-S8L41H46HBP\VssAdministrator_WIN-S8L41H46HBP_2020-08-06.10_11_34.coverage"></A>
          </UriAttachment>
        </UriAttachments>
      </Collector>
    </CollectorDataEntries>
  </ResultSummary>
</TestRun>