<?xml version="1.0" encoding="utf-8"?>
<TestRun id="ffed139c-2f38-4947-8bd2-3e86e0eaef24" name="VssAdministrator@WIN-M3S32NSN4OA 2020-07-31 15:55:08" runUser="WIN-M3S32NSN4OA\VssAdministrator" xmlns="http://microsoft.com/schemas/VisualStudio/TeamTest/2010">
  <Times creation="2020-07-31T15:55:08.6696930+00:00" queuing="2020-07-31T15:55:08.6696931+00:00" start="2020-07-31T15:55:04.1338475+00:00" finish="2020-07-31T15:55:08.6894811+00:00" />
  <TestSettings name="default" id="915f3ba7-707f-4d95-814f-f90875ea9891">
    <Deployment runDeploymentRoot="VssAdministrator_WIN-M3S32NSN4OA_2020-07-31_15_55_08" />
  </TestSettings>
  <Results>
    <UnitTestResult executionId="7fe6a862-06a2-40f4-a455-bce30290a88b" testId="b12ab4fb-57f2-6195-c907-d803e421cfd1" testName="Post_IsDemandNull_ReturnsFalse" computerName="WIN-M3S32NSN4OA" duration="00:00:00.5551530" startTime="2020-07-31T15:55:07.0000000+00:00" endTime="2020-07-31T15:55:08.0000000+00:00" testType="13cdc9d9-ddb5-4fa4-a97d-d965ccfc6d4b" outcome="Passed" testListId="8c84fa94-04c1-424b-9868-57a2d4851a1d" relativeResultsDirectory="7fe6a862-06a2-40f4-a455-bce30290a88b" />
  </Results>
  <TestDefinitions>
    <UnitTest name="Post_IsDemandNull_ReturnsFalse" storage="d:\a\1\s\samplecsprojecttest\bin\release\netcoreapp3.1\samplecsprojecttest.dll" id="b12ab4fb-57f2-6195-c907-d803e421cfd1">
      <Execution id="7fe6a862-06a2-40f4-a455-bce30290a88b" />
      <TestMethod codeBase="D:\a\1\s\SampleCSProjectTest\bin\release\netcoreapp3.1\SampleCSProjectTest.dll" adapterTypeName="executor://nunit3testexecutor/" className="SampleCSProjectTest.DemandControllerTests" name="Post_IsDemandNull_ReturnsFalse" />
    </UnitTest>
  </TestDefinitions>
  <TestEntries>
    <TestEntry testId="b12ab4fb-57f2-6195-c907-d803e421cfd1" executionId="7fe6a862-06a2-40f4-a455-bce30290a88b" testListId="8c84fa94-04c1-424b-9868-57a2d4851a1d" />
  </TestEntries>
  <TestLists>
    <TestList name="Results Not in a List" id="8c84fa94-04c1-424b-9868-57a2d4851a1d" />
    <TestList name="All Loaded Results" id="19431567-8539-422a-85d7-44ee4e166bda" />
  </TestLists>
  <ResultSummary outcome="Completed">
    <Counters total="1" executed="1" passed="1" failed="0" error="0" timeout="0" aborted="0" inconclusive="0" passedButRunAborted="0" notRunnable="0" notExecuted="0" disconnected="0" warning="0" completed="0" inProgress="0" pending="0" />
    <Output>
      <StdOut>NUnit Adapter 3.15.1.0: Test execution started&#xD;
Running all tests in D:\a\1\s\SampleCSProjectTest\bin\release\netcoreapp3.1\SampleCSProjectTest.dll&#xD;
   NUnit3TestExecutor converted 1 of 1 NUnit test cases&#xD;
NUnit Adapter 3.15.1.0: Test execution complete&#xD;
</StdOut>
    </Output>
    <CollectorDataEntries>
      <Collector agentName="WIN-M3S32NSN4OA" uri="datacollector://microsoft/CodeCoverage/2.0" collectorDisplayName="Code Coverage">
        <UriAttachments>
          <UriAttachment>
            <A href="WIN-M3S32NSN4OA\VssAdministrator_WIN-M3S32NSN4OA_2020-07-31.15_55_04.coverage"></A>
          </UriAttachment>
        </UriAttachments>
      </Collector>
    </CollectorDataEntries>
  </ResultSummary>
</TestRun>