<?xml version="1.0" encoding="utf-8"?>
<TestRun id="4dcac3f6-af96-4250-b33d-ffd326c20e8f" name="VssAdministrator@WIN-M3S32NSN4OA 2020-07-30 18:30:43" runUser="WIN-M3S32NSN4OA\VssAdministrator" xmlns="http://microsoft.com/schemas/VisualStudio/TeamTest/2010">
  <Times creation="2020-07-30T18:30:43.5708339+00:00" queuing="2020-07-30T18:30:43.5708342+00:00" start="2020-07-30T18:30:36.5221362+00:00" finish="2020-07-30T18:30:43.6041306+00:00" />
  <TestSettings name="default" id="44b975cb-bad2-4511-b718-4aec7a647d05">
    <Deployment runDeploymentRoot="VssAdministrator_WIN-M3S32NSN4OA_2020-07-30_18_30_43" />
  </TestSettings>
  <Results>
    <UnitTestResult executionId="6db66ae4-974a-4c5f-b02e-e3ae785c1efc" testId="b12ab4fb-57f2-6195-c907-d803e421cfd1" testName="Post_IsDemandNull_ReturnsFalse" computerName="WIN-M3S32NSN4OA" duration="00:00:00.7378850" startTime="2020-07-30T18:30:42.0000000+00:00" endTime="2020-07-30T18:30:43.0000000+00:00" testType="13cdc9d9-ddb5-4fa4-a97d-d965ccfc6d4b" outcome="Passed" testListId="8c84fa94-04c1-424b-9868-57a2d4851a1d" relativeResultsDirectory="6db66ae4-974a-4c5f-b02e-e3ae785c1efc" />
  </Results>
  <TestDefinitions>
    <UnitTest name="Post_IsDemandNull_ReturnsFalse" storage="d:\a\1\s\samplecsprojecttest\bin\release\netcoreapp3.1\samplecsprojecttest.dll" id="b12ab4fb-57f2-6195-c907-d803e421cfd1">
      <Execution id="6db66ae4-974a-4c5f-b02e-e3ae785c1efc" />
      <TestMethod codeBase="D:\a\1\s\SampleCSProjectTest\bin\release\netcoreapp3.1\SampleCSProjectTest.dll" adapterTypeName="executor://nunit3testexecutor/" className="SampleCSProjectTest.DemandControllerTests" name="Post_IsDemandNull_ReturnsFalse" />
    </UnitTest>
  </TestDefinitions>
  <TestEntries>
    <TestEntry testId="b12ab4fb-57f2-6195-c907-d803e421cfd1" executionId="6db66ae4-974a-4c5f-b02e-e3ae785c1efc" testListId="8c84fa94-04c1-424b-9868-57a2d4851a1d" />
  </TestEntries>
  <TestLists>
    <TestList name="Results Not in a List" id="8c84fa94-04c1-424b-9868-57a2d4851a1d" />
    <TestList name="All Loaded Results" id="19431567-8539-422a-85d7-44ee4e166bda" />
  </TestLists>
  <ResultSummary outcome="Completed">
    <Counters total="1" executed="1" passed="1" failed="0" error="0" timeout="0" aborted="0" inconclusive="0" passedButRunAborted="0" notRunnable="0" notExecuted="0" disconnected="0" warning="0" completed="0" inProgress="0" pending="0" />
    <Output>
      <StdOut>NUnit Adapter 3.15.1.0: Test execution started&#xD;
Running all tests in D:\a\1\s\SampleCSProjectTest\bin\release\netcoreapp3.1\SampleCSProjectTest.dll&#xD;
   NUnit3TestExecutor converted 1 of 1 NUnit test cases&#xD;
NUnit Adapter 3.15.1.0: Test execution complete&#xD;
</StdOut>
    </Output>
    <CollectorDataEntries>
      <Collector agentName="WIN-M3S32NSN4OA" uri="datacollector://microsoft/CodeCoverage/2.0" collectorDisplayName="Code Coverage">
        <UriAttachments>
          <UriAttachment>
            <A href="WIN-M3S32NSN4OA\VssAdministrator_WIN-M3S32NSN4OA_2020-07-30.18_30_37.coverage"></A>
          </UriAttachment>
        </UriAttachments>
      </Collector>
    </CollectorDataEntries>
  </ResultSummary>
</TestRun>