<?xml version="1.0" encoding="utf-8"?>
<TestRun id="4a3dbe64-eb8a-4e60-96c8-137c67624031" name="VssAdministrator@WIN-M3S32NSN4OA 2020-07-31 16:08:04" runUser="WIN-M3S32NSN4OA\VssAdministrator" xmlns="http://microsoft.com/schemas/VisualStudio/TeamTest/2010">
  <Times creation="2020-07-31T16:08:04.2382217+00:00" queuing="2020-07-31T16:08:04.2382220+00:00" start="2020-07-31T16:08:00.1727399+00:00" finish="2020-07-31T16:08:04.2563422+00:00" />
  <TestSettings name="default" id="ab2e5370-2b77-4777-85d7-8804326d93c8">
    <Deployment runDeploymentRoot="VssAdministrator_WIN-M3S32NSN4OA_2020-07-31_16_08_04" />
  </TestSettings>
  <Results>
    <UnitTestResult executionId="48b280dc-3177-4665-8a34-3db7c1ef8c26" testId="b12ab4fb-57f2-6195-c907-d803e421cfd1" testName="Post_IsDemandNull_ReturnsFalse" computerName="WIN-M3S32NSN4OA" duration="00:00:00.4279440" startTime="2020-07-31T16:08:03.0000000+00:00" endTime="2020-07-31T16:08:03.0000000+00:00" testType="13cdc9d9-ddb5-4fa4-a97d-d965ccfc6d4b" outcome="Passed" testListId="8c84fa94-04c1-424b-9868-57a2d4851a1d" relativeResultsDirectory="48b280dc-3177-4665-8a34-3db7c1ef8c26" />
  </Results>
  <TestDefinitions>
    <UnitTest name="Post_IsDemandNull_ReturnsFalse" storage="d:\a\1\s\samplecsprojecttest\bin\release\netcoreapp3.1\samplecsprojecttest.dll" id="b12ab4fb-57f2-6195-c907-d803e421cfd1">
      <Execution id="48b280dc-3177-4665-8a34-3db7c1ef8c26" />
      <TestMethod codeBase="D:\a\1\s\SampleCSProjectTest\bin\release\netcoreapp3.1\SampleCSProjectTest.dll" adapterTypeName="executor://nunit3testexecutor/" className="SampleCSProjectTest.DemandControllerTests" name="Post_IsDemandNull_ReturnsFalse" />
    </UnitTest>
  </TestDefinitions>
  <TestEntries>
    <TestEntry testId="b12ab4fb-57f2-6195-c907-d803e421cfd1" executionId="48b280dc-3177-4665-8a34-3db7c1ef8c26" testListId="8c84fa94-04c1-424b-9868-57a2d4851a1d" />
  </TestEntries>
  <TestLists>
    <TestList name="Results Not in a List" id="8c84fa94-04c1-424b-9868-57a2d4851a1d" />
    <TestList name="All Loaded Results" id="19431567-8539-422a-85d7-44ee4e166bda" />
  </TestLists>
  <ResultSummary outcome="Completed">
    <Counters total="1" executed="1" passed="1" failed="0" error="0" timeout="0" aborted="0" inconclusive="0" passedButRunAborted="0" notRunnable="0" notExecuted="0" disconnected="0" warning="0" completed="0" inProgress="0" pending="0" />
    <Output>
      <StdOut>NUnit Adapter 3.15.1.0: Test execution started&#xD;
Running all tests in D:\a\1\s\SampleCSProjectTest\bin\release\netcoreapp3.1\SampleCSProjectTest.dll&#xD;
   NUnit3TestExecutor converted 1 of 1 NUnit test cases&#xD;
NUnit Adapter 3.15.1.0: Test execution complete&#xD;
</StdOut>
    </Output>
    <CollectorDataEntries>
      <Collector agentName="WIN-M3S32NSN4OA" uri="datacollector://microsoft/CodeCoverage/2.0" collectorDisplayName="Code Coverage">
        <UriAttachments>
          <UriAttachment>
            <A href="WIN-M3S32NSN4OA\VssAdministrator_WIN-M3S32NSN4OA_2020-07-31.16_08_00.coverage"></A>
          </UriAttachment>
        </UriAttachments>
      </Collector>
    </CollectorDataEntries>
  </ResultSummary>
</TestRun>