<?xml version="1.0" encoding="utf-8"?>
<TestRun id="12748d14-9777-4552-ae7a-f49c029a79d5" name="VssAdministrator@WIN-S5H82UHUR6M 2020-07-31 16:02:51" runUser="WIN-S5H82UHUR6M\VssAdministrator" xmlns="http://microsoft.com/schemas/VisualStudio/TeamTest/2010">
  <Times creation="2020-07-31T16:02:52.0080885+00:00" queuing="2020-07-31T16:02:52.0080889+00:00" start="2020-07-31T16:02:47.8359609+00:00" finish="2020-07-31T16:02:52.0453264+00:00" />
  <TestSettings name="default" id="a7d8d3ff-a21c-48ad-827c-3b7b9bee1240">
    <Deployment runDeploymentRoot="VssAdministrator_WIN-S5H82UHUR6M_2020-07-31_16_02_51" />
  </TestSettings>
  <Results>
    <UnitTestResult executionId="c06cbe7a-9f1f-4deb-9a38-cca2fd5637d9" testId="b12ab4fb-57f2-6195-c907-d803e421cfd1" testName="Post_IsDemandNull_ReturnsFalse" computerName="WIN-S5H82UHUR6M" duration="00:00:00.4360120" startTime="2020-07-31T16:02:51.0000000+00:00" endTime="2020-07-31T16:02:51.0000000+00:00" testType="13cdc9d9-ddb5-4fa4-a97d-d965ccfc6d4b" outcome="Passed" testListId="8c84fa94-04c1-424b-9868-57a2d4851a1d" relativeResultsDirectory="c06cbe7a-9f1f-4deb-9a38-cca2fd5637d9" />
  </Results>
  <TestDefinitions>
    <UnitTest name="Post_IsDemandNull_ReturnsFalse" storage="d:\a\1\s\samplecsprojecttest\bin\release\netcoreapp3.1\samplecsprojecttest.dll" id="b12ab4fb-57f2-6195-c907-d803e421cfd1">
      <Execution id="c06cbe7a-9f1f-4deb-9a38-cca2fd5637d9" />
      <TestMethod codeBase="D:\a\1\s\SampleCSProjectTest\bin\release\netcoreapp3.1\SampleCSProjectTest.dll" adapterTypeName="executor://nunit3testexecutor/" className="SampleCSProjectTest.DemandControllerTests" name="Post_IsDemandNull_ReturnsFalse" />
    </UnitTest>
  </TestDefinitions>
  <TestEntries>
    <TestEntry testId="b12ab4fb-57f2-6195-c907-d803e421cfd1" executionId="c06cbe7a-9f1f-4deb-9a38-cca2fd5637d9" testListId="8c84fa94-04c1-424b-9868-57a2d4851a1d" />
  </TestEntries>
  <TestLists>
    <TestList name="Results Not in a List" id="8c84fa94-04c1-424b-9868-57a2d4851a1d" />
    <TestList name="All Loaded Results" id="19431567-8539-422a-85d7-44ee4e166bda" />
  </TestLists>
  <ResultSummary outcome="Completed">
    <Counters total="1" executed="1" passed="1" failed="0" error="0" timeout="0" aborted="0" inconclusive="0" passedButRunAborted="0" notRunnable="0" notExecuted="0" disconnected="0" warning="0" completed="0" inProgress="0" pending="0" />
    <Output>
      <StdOut>NUnit Adapter 3.15.1.0: Test execution started&#xD;
Running all tests in D:\a\1\s\SampleCSProjectTest\bin\release\netcoreapp3.1\SampleCSProjectTest.dll&#xD;
   NUnit3TestExecutor converted 1 of 1 NUnit test cases&#xD;
NUnit Adapter 3.15.1.0: Test execution complete&#xD;
</StdOut>
    </Output>
    <CollectorDataEntries>
      <Collector agentName="WIN-S5H82UHUR6M" uri="datacollector://microsoft/CodeCoverage/2.0" collectorDisplayName="Code Coverage">
        <UriAttachments>
          <UriAttachment>
            <A href="WIN-S5H82UHUR6M\VssAdministrator_WIN-S5H82UHUR6M_2020-07-31.16_02_48.coverage"></A>
          </UriAttachment>
        </UriAttachments>
      </Collector>
    </CollectorDataEntries>
  </ResultSummary>
</TestRun>