<?xml version="1.0" encoding="utf-8"?>
<TestRun id="60c38b25-2656-4296-b0ce-4290adda139f" name="VssAdministrator@WIN-9E7H9V9S7NI 2020-08-05 18:18:51" runUser="WIN-9E7H9V9S7NI\VssAdministrator" xmlns="http://microsoft.com/schemas/VisualStudio/TeamTest/2010">
  <Times creation="2020-08-05T18:18:51.3157836+00:00" queuing="2020-08-05T18:18:51.3157839+00:00" start="2020-08-05T18:18:45.8756680+00:00" finish="2020-08-05T18:18:51.3386992+00:00" />
  <TestSettings name="default" id="81f0f665-dd88-49ed-9a1d-9d625cae7582">
    <Deployment runDeploymentRoot="VssAdministrator_WIN-9E7H9V9S7NI_2020-08-05_18_18_51" />
  </TestSettings>
  <Results>
    <UnitTestResult executionId="a3fdc40d-54e0-4ca2-acf3-719f0f59d650" testId="32269167-391a-b4bd-d8dd-87bbe77228ab" testName="Authenticate_UserCredentialsIsCorrect_ReturnsToken" computerName="WIN-9E7H9V9S7NI" duration="00:00:00.0196210" startTime="2020-08-05T18:18:50.0000000+00:00" endTime="2020-08-05T18:18:50.0000000+00:00" testType="13cdc9d9-ddb5-4fa4-a97d-d965ccfc6d4b" outcome="Passed" testListId="8c84fa94-04c1-424b-9868-57a2d4851a1d" relativeResultsDirectory="a3fdc40d-54e0-4ca2-acf3-719f0f59d650" />
    <UnitTestResult executionId="d32df565-6fbd-47d8-a11a-4c2bb441b346" testId="0094c6a4-5b3c-6fe4-0f93-4faba22f03b2" testName="Post_UserCredentialsIsNull_ReturnsBadRequest" computerName="WIN-9E7H9V9S7NI" duration="00:00:00.0029160" startTime="2020-08-05T18:18:50.0000000+00:00" endTime="2020-08-05T18:18:50.0000000+00:00" testType="13cdc9d9-ddb5-4fa4-a97d-d965ccfc6d4b" outcome="Passed" testListId="8c84fa94-04c1-424b-9868-57a2d4851a1d" relativeResultsDirectory="d32df565-6fbd-47d8-a11a-4c2bb441b346" />
    <UnitTestResult executionId="bfa1ae42-7040-4a44-8e99-4a29a5086766" testId="b12ab4fb-57f2-6195-c907-d803e421cfd1" testName="Post_IsDemandNull_ReturnsFalse" computerName="WIN-9E7H9V9S7NI" duration="00:00:00.5561590" startTime="2020-08-05T18:18:50.0000000+00:00" endTime="2020-08-05T18:18:50.0000000+00:00" testType="13cdc9d9-ddb5-4fa4-a97d-d965ccfc6d4b" outcome="Passed" testListId="8c84fa94-04c1-424b-9868-57a2d4851a1d" relativeResultsDirectory="bfa1ae42-7040-4a44-8e99-4a29a5086766" />
    <UnitTestResult executionId="53079ad8-c9e4-4cc2-911a-a7371a431216" testId="0a2723f5-fc12-6542-a251-c14911287136" testName="GellAll_UserIsExist_ReturnsUserList" computerName="WIN-9E7H9V9S7NI" duration="00:00:00.0296500" startTime="2020-08-05T18:18:50.0000000+00:00" endTime="2020-08-05T18:18:50.0000000+00:00" testType="13cdc9d9-ddb5-4fa4-a97d-d965ccfc6d4b" outcome="Passed" testListId="8c84fa94-04c1-424b-9868-57a2d4851a1d" relativeResultsDirectory="53079ad8-c9e4-4cc2-911a-a7371a431216" />
    <UnitTestResult executionId="673d7b77-c0c3-4b18-b9c3-1e804d8a8b12" testId="f3f60fb1-a71d-44d0-c29e-c456c55fdb61" testName="Gell_UserIsExit_ReturnsMatchedUser" computerName="WIN-9E7H9V9S7NI" duration="00:00:00.0116020" startTime="2020-08-05T18:18:50.0000000+00:00" endTime="2020-08-05T18:18:50.0000000+00:00" testType="13cdc9d9-ddb5-4fa4-a97d-d965ccfc6d4b" outcome="Passed" testListId="8c84fa94-04c1-424b-9868-57a2d4851a1d" relativeResultsDirectory="673d7b77-c0c3-4b18-b9c3-1e804d8a8b12" />
  </Results>
  <TestDefinitions>
    <UnitTest name="Post_UserCredentialsIsNull_ReturnsBadRequest" storage="d:\a\1\s\samplecsprojecttest\bin\release\netcoreapp3.1\samplecsprojecttest.dll" id="0094c6a4-5b3c-6fe4-0f93-4faba22f03b2">
      <Execution id="d32df565-6fbd-47d8-a11a-4c2bb441b346" />
      <TestMethod codeBase="D:\a\1\s\SampleCSProjectTest\bin\release\netcoreapp3.1\SampleCSProjectTest.dll" adapterTypeName="executor://nunit3testexecutor/" className="SampleCSProjectTest.UsersControllerTests" name="Post_UserCredentialsIsNull_ReturnsBadRequest" />
    </UnitTest>
    <UnitTest name="Gell_UserIsExit_ReturnsMatchedUser" storage="d:\a\1\s\samplecsprojecttest\bin\release\netcoreapp3.1\samplecsprojecttest.dll" id="f3f60fb1-a71d-44d0-c29e-c456c55fdb61">
      <Execution id="673d7b77-c0c3-4b18-b9c3-1e804d8a8b12" />
      <TestMethod codeBase="D:\a\1\s\SampleCSProjectTest\bin\release\netcoreapp3.1\SampleCSProjectTest.dll" adapterTypeName="executor://nunit3testexecutor/" className="SampleCSProjectTest.UsersControllerTests" name="Gell_UserIsExit_ReturnsMatchedUser" />
    </UnitTest>
    <UnitTest name="GellAll_UserIsExist_ReturnsUserList" storage="d:\a\1\s\samplecsprojecttest\bin\release\netcoreapp3.1\samplecsprojecttest.dll" id="0a2723f5-fc12-6542-a251-c14911287136">
      <Execution id="53079ad8-c9e4-4cc2-911a-a7371a431216" />
      <TestMethod codeBase="D:\a\1\s\SampleCSProjectTest\bin\release\netcoreapp3.1\SampleCSProjectTest.dll" adapterTypeName="executor://nunit3testexecutor/" className="SampleCSProjectTest.UsersControllerTests" name="GellAll_UserIsExist_ReturnsUserList" />
    </UnitTest>
    <UnitTest name="Authenticate_UserCredentialsIsCorrect_ReturnsToken" storage="d:\a\1\s\samplecsprojecttest\bin\release\netcoreapp3.1\samplecsprojecttest.dll" id="32269167-391a-b4bd-d8dd-87bbe77228ab">
      <Execution id="a3fdc40d-54e0-4ca2-acf3-719f0f59d650" />
      <TestMethod codeBase="D:\a\1\s\SampleCSProjectTest\bin\release\netcoreapp3.1\SampleCSProjectTest.dll" adapterTypeName="executor://nunit3testexecutor/" className="SampleCSProjectTest.UsersControllerTests" name="Authenticate_UserCredentialsIsCorrect_ReturnsToken" />
    </UnitTest>
    <UnitTest name="Post_IsDemandNull_ReturnsFalse" storage="d:\a\1\s\samplecsprojecttest\bin\release\netcoreapp3.1\samplecsprojecttest.dll" id="b12ab4fb-57f2-6195-c907-d803e421cfd1">
      <Execution id="bfa1ae42-7040-4a44-8e99-4a29a5086766" />
      <TestMethod codeBase="D:\a\1\s\SampleCSProjectTest\bin\release\netcoreapp3.1\SampleCSProjectTest.dll" adapterTypeName="executor://nunit3testexecutor/" className="SampleCSProjectTest.DemandControllerTests" name="Post_IsDemandNull_ReturnsFalse" />
    </UnitTest>
  </TestDefinitions>
  <TestEntries>
    <TestEntry testId="32269167-391a-b4bd-d8dd-87bbe77228ab" executionId="a3fdc40d-54e0-4ca2-acf3-719f0f59d650" testListId="8c84fa94-04c1-424b-9868-57a2d4851a1d" />
    <TestEntry testId="0094c6a4-5b3c-6fe4-0f93-4faba22f03b2" executionId="d32df565-6fbd-47d8-a11a-4c2bb441b346" testListId="8c84fa94-04c1-424b-9868-57a2d4851a1d" />
    <TestEntry testId="b12ab4fb-57f2-6195-c907-d803e421cfd1" executionId="bfa1ae42-7040-4a44-8e99-4a29a5086766" testListId="8c84fa94-04c1-424b-9868-57a2d4851a1d" />
    <TestEntry testId="0a2723f5-fc12-6542-a251-c14911287136" executionId="53079ad8-c9e4-4cc2-911a-a7371a431216" testListId="8c84fa94-04c1-424b-9868-57a2d4851a1d" />
    <TestEntry testId="f3f60fb1-a71d-44d0-c29e-c456c55fdb61" executionId="673d7b77-c0c3-4b18-b9c3-1e804d8a8b12" testListId="8c84fa94-04c1-424b-9868-57a2d4851a1d" />
  </TestEntries>
  <TestLists>
    <TestList name="Results Not in a List" id="8c84fa94-04c1-424b-9868-57a2d4851a1d" />
    <TestList name="All Loaded Results" id="19431567-8539-422a-85d7-44ee4e166bda" />
  </TestLists>
  <ResultSummary outcome="Completed">
    <Counters total="5" executed="5" passed="5" failed="0" error="0" timeout="0" aborted="0" inconclusive="0" passedButRunAborted="0" notRunnable="0" notExecuted="0" disconnected="0" warning="0" completed="0" inProgress="0" pending="0" />
    <Output>
      <StdOut>NUnit Adapter 3.15.1.0: Test execution started&#xD;
Running all tests in D:\a\1\s\SampleCSProjectTest\bin\release\netcoreapp3.1\SampleCSProjectTest.dll&#xD;
   NUnit3TestExecutor converted 5 of 5 NUnit test cases&#xD;
NUnit Adapter 3.15.1.0: Test execution complete&#xD;
</StdOut>
    </Output>
    <CollectorDataEntries>
      <Collector agentName="WIN-9E7H9V9S7NI" uri="datacollector://microsoft/CodeCoverage/2.0" collectorDisplayName="Code Coverage">
        <UriAttachments>
          <UriAttachment>
            <A href="WIN-9E7H9V9S7NI\VssAdministrator_WIN-9E7H9V9S7NI_2020-08-05.18_18_46.coverage"></A>
          </UriAttachment>
        </UriAttachments>
      </Collector>
    </CollectorDataEntries>
  </ResultSummary>
</TestRun>