<?xml version="1.0" encoding="utf-8"?>
<TestRun id="c9bbcb01-533f-4fde-b55d-8bf02321f3b9" name="VssAdministrator@WIN-GH47OACQ971 2020-08-01 16:02:14" runUser="WIN-GH47OACQ971\VssAdministrator" xmlns="http://microsoft.com/schemas/VisualStudio/TeamTest/2010">
  <Times creation="2020-08-01T16:02:14.2694192+00:00" queuing="2020-08-01T16:02:14.2694195+00:00" start="2020-08-01T16:02:09.3945754+00:00" finish="2020-08-01T16:02:14.2911766+00:00" />
  <TestSettings name="default" id="18f49ba7-7ad7-4a7b-82f8-405f25d205ba">
    <Deployment runDeploymentRoot="VssAdministrator_WIN-GH47OACQ971_2020-08-01_16_02_14" />
  </TestSettings>
  <Results>
    <UnitTestResult executionId="6e55abd0-cf7e-4f70-8ec4-cb3031f1187f" testId="b12ab4fb-57f2-6195-c907-d803e421cfd1" testName="Post_IsDemandNull_ReturnsFalse" computerName="WIN-GH47OACQ971" duration="00:00:00.5068890" startTime="2020-08-01T16:02:13.0000000+00:00" endTime="2020-08-01T16:02:13.0000000+00:00" testType="13cdc9d9-ddb5-4fa4-a97d-d965ccfc6d4b" outcome="Passed" testListId="8c84fa94-04c1-424b-9868-57a2d4851a1d" relativeResultsDirectory="6e55abd0-cf7e-4f70-8ec4-cb3031f1187f" />
  </Results>
  <TestDefinitions>
    <UnitTest name="Post_IsDemandNull_ReturnsFalse" storage="d:\a\1\s\samplecsprojecttest\bin\release\netcoreapp3.1\samplecsprojecttest.dll" id="b12ab4fb-57f2-6195-c907-d803e421cfd1">
      <Execution id="6e55abd0-cf7e-4f70-8ec4-cb3031f1187f" />
      <TestMethod codeBase="D:\a\1\s\SampleCSProjectTest\bin\release\netcoreapp3.1\SampleCSProjectTest.dll" adapterTypeName="executor://nunit3testexecutor/" className="SampleCSProjectTest.DemandControllerTests" name="Post_IsDemandNull_ReturnsFalse" />
    </UnitTest>
  </TestDefinitions>
  <TestEntries>
    <TestEntry testId="b12ab4fb-57f2-6195-c907-d803e421cfd1" executionId="6e55abd0-cf7e-4f70-8ec4-cb3031f1187f" testListId="8c84fa94-04c1-424b-9868-57a2d4851a1d" />
  </TestEntries>
  <TestLists>
    <TestList name="Results Not in a List" id="8c84fa94-04c1-424b-9868-57a2d4851a1d" />
    <TestList name="All Loaded Results" id="19431567-8539-422a-85d7-44ee4e166bda" />
  </TestLists>
  <ResultSummary outcome="Completed">
    <Counters total="1" executed="1" passed="1" failed="0" error="0" timeout="0" aborted="0" inconclusive="0" passedButRunAborted="0" notRunnable="0" notExecuted="0" disconnected="0" warning="0" completed="0" inProgress="0" pending="0" />
    <Output>
      <StdOut>NUnit Adapter 3.15.1.0: Test execution started&#xD;
Running all tests in D:\a\1\s\SampleCSProjectTest\bin\release\netcoreapp3.1\SampleCSProjectTest.dll&#xD;
   NUnit3TestExecutor converted 1 of 1 NUnit test cases&#xD;
NUnit Adapter 3.15.1.0: Test execution complete&#xD;
</StdOut>
    </Output>
    <CollectorDataEntries>
      <Collector agentName="WIN-GH47OACQ971" uri="datacollector://microsoft/CodeCoverage/2.0" collectorDisplayName="Code Coverage">
        <UriAttachments>
          <UriAttachment>
            <A href="WIN-GH47OACQ971\VssAdministrator_WIN-GH47OACQ971_2020-08-01.16_02_10.coverage"></A>
          </UriAttachment>
        </UriAttachments>
      </Collector>
    </CollectorDataEntries>
  </ResultSummary>
</TestRun>