<?xml version="1.0" encoding="utf-8"?>
<TestRun id="91ac60dc-f777-4565-b4dc-36f3abde66ba" name="VssAdministrator@WIN-DBHDR4VVAQB 2020-08-04 17:05:07" runUser="WIN-DBHDR4VVAQB\VssAdministrator" xmlns="http://microsoft.com/schemas/VisualStudio/TeamTest/2010">
  <Times creation="2020-08-04T17:05:07.3397025+00:00" queuing="2020-08-04T17:05:07.3397027+00:00" start="2020-08-04T17:05:03.6007551+00:00" finish="2020-08-04T17:05:07.3573098+00:00" />
  <TestSettings name="default" id="0a6ee5a8-dd43-4be3-a84f-797f606c8f8a">
    <Deployment runDeploymentRoot="VssAdministrator_WIN-DBHDR4VVAQB_2020-08-04_17_05_07" />
  </TestSettings>
  <Results>
    <UnitTestResult executionId="0444c27d-674f-402f-b80a-381a14ae8e35" testId="b12ab4fb-57f2-6195-c907-d803e421cfd1" testName="Post_IsDemandNull_ReturnsFalse" computerName="WIN-DBHDR4VVAQB" duration="00:00:00.6077330" startTime="2020-08-04T17:05:06.0000000+00:00" endTime="2020-08-04T17:05:06.0000000+00:00" testType="13cdc9d9-ddb5-4fa4-a97d-d965ccfc6d4b" outcome="Passed" testListId="8c84fa94-04c1-424b-9868-57a2d4851a1d" relativeResultsDirectory="0444c27d-674f-402f-b80a-381a14ae8e35" />
  </Results>
  <TestDefinitions>
    <UnitTest name="Post_IsDemandNull_ReturnsFalse" storage="d:\a\1\s\samplecsprojecttest\bin\release\netcoreapp3.1\samplecsprojecttest.dll" id="b12ab4fb-57f2-6195-c907-d803e421cfd1">
      <Execution id="0444c27d-674f-402f-b80a-381a14ae8e35" />
      <TestMethod codeBase="D:\a\1\s\SampleCSProjectTest\bin\release\netcoreapp3.1\SampleCSProjectTest.dll" adapterTypeName="executor://nunit3testexecutor/" className="SampleCSProjectTest.DemandControllerTests" name="Post_IsDemandNull_ReturnsFalse" />
    </UnitTest>
  </TestDefinitions>
  <TestEntries>
    <TestEntry testId="b12ab4fb-57f2-6195-c907-d803e421cfd1" executionId="0444c27d-674f-402f-b80a-381a14ae8e35" testListId="8c84fa94-04c1-424b-9868-57a2d4851a1d" />
  </TestEntries>
  <TestLists>
    <TestList name="Results Not in a List" id="8c84fa94-04c1-424b-9868-57a2d4851a1d" />
    <TestList name="All Loaded Results" id="19431567-8539-422a-85d7-44ee4e166bda" />
  </TestLists>
  <ResultSummary outcome="Completed">
    <Counters total="1" executed="1" passed="1" failed="0" error="0" timeout="0" aborted="0" inconclusive="0" passedButRunAborted="0" notRunnable="0" notExecuted="0" disconnected="0" warning="0" completed="0" inProgress="0" pending="0" />
    <Output>
      <StdOut>NUnit Adapter 3.15.1.0: Test execution started&#xD;
Running all tests in D:\a\1\s\SampleCSProjectTest\bin\release\netcoreapp3.1\SampleCSProjectTest.dll&#xD;
   NUnit3TestExecutor converted 1 of 1 NUnit test cases&#xD;
NUnit Adapter 3.15.1.0: Test execution complete&#xD;
</StdOut>
    </Output>
    <CollectorDataEntries>
      <Collector agentName="WIN-DBHDR4VVAQB" uri="datacollector://microsoft/CodeCoverage/2.0" collectorDisplayName="Code Coverage">
        <UriAttachments>
          <UriAttachment>
            <A href="WIN-DBHDR4VVAQB\VssAdministrator_WIN-DBHDR4VVAQB_2020-08-04.17_05_04.coverage"></A>
          </UriAttachment>
        </UriAttachments>
      </Collector>
    </CollectorDataEntries>
  </ResultSummary>
</TestRun>