<?xml version="1.0" encoding="utf-8"?>
<TestRun id="78c9058b-840b-4b47-a299-8df1f8bf3e32" name="VssAdministrator@WIN-S8L41H46HBP 2020-08-06 13:02:41" runUser="WIN-S8L41H46HBP\VssAdministrator" xmlns="http://microsoft.com/schemas/VisualStudio/TeamTest/2010">
  <Times creation="2020-08-06T13:02:41.7705128+00:00" queuing="2020-08-06T13:02:41.7705130+00:00" start="2020-08-06T13:02:37.5066168+00:00" finish="2020-08-06T13:02:41.7890466+00:00" />
  <TestSettings name="default" id="1a11c896-5a67-4c72-b7d0-bf2103899039">
    <Deployment runDeploymentRoot="VssAdministrator_WIN-S8L41H46HBP_2020-08-06_13_02_41" />
  </TestSettings>
  <Results>
    <UnitTestResult executionId="b4358aca-3f04-4efa-b239-6792e08dc37d" testId="04448629-1353-95cd-05aa-c083ea645dca" testName="Dashboard_FailedToReturnsAsActionResult_WithoutDashboardPage" computerName="WIN-S8L41H46HBP" duration="00:00:00.2549950" startTime="2020-08-06T13:02:41.0000000+00:00" endTime="2020-08-06T13:02:41.0000000+00:00" testType="13cdc9d9-ddb5-4fa4-a97d-d965ccfc6d4b" outcome="Passed" testListId="8c84fa94-04c1-424b-9868-57a2d4851a1d" relativeResultsDirectory="b4358aca-3f04-4efa-b239-6792e08dc37d" />
    <UnitTestResult executionId="3c1c5c4c-6fb6-4110-a4af-28e11a185681" testId="5ef51997-1946-12e9-f59b-1a31073f8bb0" testName="Index_ReturnsAsActionResult_WithLoginPage" computerName="WIN-S8L41H46HBP" duration="00:00:00.1672450" startTime="2020-08-06T13:02:41.0000000+00:00" endTime="2020-08-06T13:02:41.0000000+00:00" testType="13cdc9d9-ddb5-4fa4-a97d-d965ccfc6d4b" outcome="Passed" testListId="8c84fa94-04c1-424b-9868-57a2d4851a1d" relativeResultsDirectory="3c1c5c4c-6fb6-4110-a4af-28e11a185681" />
    <UnitTestResult executionId="371e4951-62d4-4705-ab6f-7d9c1c494d05" testId="dd3de31e-77d4-6953-1524-e35ec43850d7" testName="Dashboard_ReturnsAsActionResult_WithDashboardPage" computerName="WIN-S8L41H46HBP" duration="00:00:00.0025170" startTime="2020-08-06T13:02:41.0000000+00:00" endTime="2020-08-06T13:02:41.0000000+00:00" testType="13cdc9d9-ddb5-4fa4-a97d-d965ccfc6d4b" outcome="Passed" testListId="8c84fa94-04c1-424b-9868-57a2d4851a1d" relativeResultsDirectory="371e4951-62d4-4705-ab6f-7d9c1c494d05" />
  </Results>
  <TestDefinitions>
    <UnitTest name="Dashboard_FailedToReturnsAsActionResult_WithoutDashboardPage" storage="d:\a\1\s\samplecswebprojecttest\bin\release\netcoreapp3.1\samplecswebprojecttest.dll" id="04448629-1353-95cd-05aa-c083ea645dca">
      <Execution id="b4358aca-3f04-4efa-b239-6792e08dc37d" />
      <TestMethod codeBase="D:\a\1\s\SampleCSWebProjectTest\bin\release\netcoreapp3.1\SampleCSWebProjectTest.dll" adapterTypeName="executor://nunit3testexecutor/" className="SampleCSWebProjectTest.DashboardControllerTests" name="Dashboard_FailedToReturnsAsActionResult_WithoutDashboardPage" />
    </UnitTest>
    <UnitTest name="Index_ReturnsAsActionResult_WithLoginPage" storage="d:\a\1\s\samplecswebprojecttest\bin\release\netcoreapp3.1\samplecswebprojecttest.dll" id="5ef51997-1946-12e9-f59b-1a31073f8bb0">
      <Execution id="3c1c5c4c-6fb6-4110-a4af-28e11a185681" />
      <TestMethod codeBase="D:\a\1\s\SampleCSWebProjectTest\bin\release\netcoreapp3.1\SampleCSWebProjectTest.dll" adapterTypeName="executor://nunit3testexecutor/" className="SampleCSWebProjectTest.LoginControllerTests" name="Index_ReturnsAsActionResult_WithLoginPage" />
    </UnitTest>
    <UnitTest name="Dashboard_ReturnsAsActionResult_WithDashboardPage" storage="d:\a\1\s\samplecswebprojecttest\bin\release\netcoreapp3.1\samplecswebprojecttest.dll" id="dd3de31e-77d4-6953-1524-e35ec43850d7">
      <Execution id="371e4951-62d4-4705-ab6f-7d9c1c494d05" />
      <TestMethod codeBase="D:\a\1\s\SampleCSWebProjectTest\bin\release\netcoreapp3.1\SampleCSWebProjectTest.dll" adapterTypeName="executor://nunit3testexecutor/" className="SampleCSWebProjectTest.DashboardControllerTests" name="Dashboard_ReturnsAsActionResult_WithDashboardPage" />
    </UnitTest>
  </TestDefinitions>
  <TestEntries>
    <TestEntry testId="04448629-1353-95cd-05aa-c083ea645dca" executionId="b4358aca-3f04-4efa-b239-6792e08dc37d" testListId="8c84fa94-04c1-424b-9868-57a2d4851a1d" />
    <TestEntry testId="5ef51997-1946-12e9-f59b-1a31073f8bb0" executionId="3c1c5c4c-6fb6-4110-a4af-28e11a185681" testListId="8c84fa94-04c1-424b-9868-57a2d4851a1d" />
    <TestEntry testId="dd3de31e-77d4-6953-1524-e35ec43850d7" executionId="371e4951-62d4-4705-ab6f-7d9c1c494d05" testListId="8c84fa94-04c1-424b-9868-57a2d4851a1d" />
  </TestEntries>
  <TestLists>
    <TestList name="Results Not in a List" id="8c84fa94-04c1-424b-9868-57a2d4851a1d" />
    <TestList name="All Loaded Results" id="19431567-8539-422a-85d7-44ee4e166bda" />
  </TestLists>
  <ResultSummary outcome="Completed">
    <Counters total="3" executed="3" passed="3" failed="0" error="0" timeout="0" aborted="0" inconclusive="0" passedButRunAborted="0" notRunnable="0" notExecuted="0" disconnected="0" warning="0" completed="0" inProgress="0" pending="0" />
    <Output>
      <StdOut>NUnit Adapter 3.15.1.0: Test execution started&#xD;
Running all tests in D:\a\1\s\SampleCSWebProjectTest\bin\release\netcoreapp3.1\SampleCSWebProjectTest.dll&#xD;
   NUnit3TestExecutor converted 3 of 3 NUnit test cases&#xD;
NUnit Adapter 3.15.1.0: Test execution complete&#xD;
</StdOut>
    </Output>
    <CollectorDataEntries>
      <Collector agentName="WIN-S8L41H46HBP" uri="datacollector://microsoft/CodeCoverage/2.0" collectorDisplayName="Code Coverage">
        <UriAttachments>
          <UriAttachment>
            <A href="WIN-S8L41H46HBP\VssAdministrator_WIN-S8L41H46HBP_2020-08-06.13_02_38.coverage"></A>
          </UriAttachment>
        </UriAttachments>
      </Collector>
    </CollectorDataEntries>
  </ResultSummary>
</TestRun>