<?xml version="1.0" encoding="utf-8"?>
<TestRun id="90593dd3-1231-489c-b83d-276e490b7e5d" name="VssAdministrator@WIN-DBHDR4VVAQB 2020-08-04 18:16:15" runUser="WIN-DBHDR4VVAQB\VssAdministrator" xmlns="http://microsoft.com/schemas/VisualStudio/TeamTest/2010">
  <Times creation="2020-08-04T18:16:15.1440264+00:00" queuing="2020-08-04T18:16:15.1440266+00:00" start="2020-08-04T18:16:10.8840080+00:00" finish="2020-08-04T18:16:15.1683199+00:00" />
  <TestSettings name="default" id="65e9c5f7-0d0c-43e4-99e7-75191b0a9003">
    <Deployment runDeploymentRoot="VssAdministrator_WIN-DBHDR4VVAQB_2020-08-04_18_16_15" />
  </TestSettings>
  <Results>
    <UnitTestResult executionId="07a3f304-a299-467d-8e5e-5983d8535280" testId="b12ab4fb-57f2-6195-c907-d803e421cfd1" testName="Post_IsDemandNull_ReturnsFalse" computerName="WIN-DBHDR4VVAQB" duration="00:00:00.4897610" startTime="2020-08-04T18:16:14.0000000+00:00" endTime="2020-08-04T18:16:14.0000000+00:00" testType="13cdc9d9-ddb5-4fa4-a97d-d965ccfc6d4b" outcome="Passed" testListId="8c84fa94-04c1-424b-9868-57a2d4851a1d" relativeResultsDirectory="07a3f304-a299-467d-8e5e-5983d8535280" />
  </Results>
  <TestDefinitions>
    <UnitTest name="Post_IsDemandNull_ReturnsFalse" storage="d:\a\1\s\samplecsprojecttest\bin\release\netcoreapp3.1\samplecsprojecttest.dll" id="b12ab4fb-57f2-6195-c907-d803e421cfd1">
      <Execution id="07a3f304-a299-467d-8e5e-5983d8535280" />
      <TestMethod codeBase="D:\a\1\s\SampleCSProjectTest\bin\release\netcoreapp3.1\SampleCSProjectTest.dll" adapterTypeName="executor://nunit3testexecutor/" className="SampleCSProjectTest.DemandControllerTests" name="Post_IsDemandNull_ReturnsFalse" />
    </UnitTest>
  </TestDefinitions>
  <TestEntries>
    <TestEntry testId="b12ab4fb-57f2-6195-c907-d803e421cfd1" executionId="07a3f304-a299-467d-8e5e-5983d8535280" testListId="8c84fa94-04c1-424b-9868-57a2d4851a1d" />
  </TestEntries>
  <TestLists>
    <TestList name="Results Not in a List" id="8c84fa94-04c1-424b-9868-57a2d4851a1d" />
    <TestList name="All Loaded Results" id="19431567-8539-422a-85d7-44ee4e166bda" />
  </TestLists>
  <ResultSummary outcome="Completed">
    <Counters total="1" executed="1" passed="1" failed="0" error="0" timeout="0" aborted="0" inconclusive="0" passedButRunAborted="0" notRunnable="0" notExecuted="0" disconnected="0" warning="0" completed="0" inProgress="0" pending="0" />
    <Output>
      <StdOut>NUnit Adapter 3.15.1.0: Test execution started&#xD;
Running all tests in D:\a\1\s\SampleCSProjectTest\bin\release\netcoreapp3.1\SampleCSProjectTest.dll&#xD;
   NUnit3TestExecutor converted 1 of 1 NUnit test cases&#xD;
NUnit Adapter 3.15.1.0: Test execution complete&#xD;
</StdOut>
    </Output>
    <CollectorDataEntries>
      <Collector agentName="WIN-DBHDR4VVAQB" uri="datacollector://microsoft/CodeCoverage/2.0" collectorDisplayName="Code Coverage">
        <UriAttachments>
          <UriAttachment>
            <A href="WIN-DBHDR4VVAQB\VssAdministrator_WIN-DBHDR4VVAQB_2020-08-04.18_16_11.coverage"></A>
          </UriAttachment>
        </UriAttachments>
      </Collector>
    </CollectorDataEntries>
  </ResultSummary>
</TestRun>