<?xml version="1.0" encoding="utf-8"?>
<TestRun id="392e8125-e886-4197-b7bc-2de2d3185a64" name="VssAdministrator@WIN-9E7H9V9S7NI 2020-08-06 08:21:10" runUser="WIN-9E7H9V9S7NI\VssAdministrator" xmlns="http://microsoft.com/schemas/VisualStudio/TeamTest/2010">
  <Times creation="2020-08-06T08:21:10.0238519+00:00" queuing="2020-08-06T08:21:10.0238521+00:00" start="2020-08-06T08:21:06.3417659+00:00" finish="2020-08-06T08:21:10.0455778+00:00" />
  <TestSettings name="default" id="4310f3f6-db06-4bd2-8254-1c69934a3f73">
    <Deployment runDeploymentRoot="VssAdministrator_WIN-9E7H9V9S7NI_2020-08-06_08_21_10" />
  </TestSettings>
  <Results>
    <UnitTestResult executionId="0d89520e-f897-442b-98c0-9a5249146589" testId="5ef51997-1946-12e9-f59b-1a31073f8bb0" testName="Index_ReturnsAsActionResult_WithLoginPage" computerName="WIN-9E7H9V9S7NI" duration="00:00:00.0031360" startTime="2020-08-06T08:21:09.0000000+00:00" endTime="2020-08-06T08:21:09.0000000+00:00" testType="13cdc9d9-ddb5-4fa4-a97d-d965ccfc6d4b" outcome="Passed" testListId="8c84fa94-04c1-424b-9868-57a2d4851a1d" relativeResultsDirectory="0d89520e-f897-442b-98c0-9a5249146589" />
    <UnitTestResult executionId="9a3dc199-3d4d-4b0f-938a-fd45a2f32e04" testId="332d8ab7-069c-0df0-7d3b-2e9e5f8d92ca" testName="Create_ReturnsAsActionResult_WithCreateDemandPage" computerName="WIN-9E7H9V9S7NI" duration="00:00:00.1743100" startTime="2020-08-06T08:21:09.0000000+00:00" endTime="2020-08-06T08:21:09.0000000+00:00" testType="13cdc9d9-ddb5-4fa4-a97d-d965ccfc6d4b" outcome="Passed" testListId="8c84fa94-04c1-424b-9868-57a2d4851a1d" relativeResultsDirectory="9a3dc199-3d4d-4b0f-938a-fd45a2f32e04" />
    <UnitTestResult executionId="69b64ee6-f04f-4af4-9bdd-04acd12db234" testId="04448629-1353-95cd-05aa-c083ea645dca" testName="Dashboard_FailedToReturnsAsActionResult_WithoutDashboardPage" computerName="WIN-9E7H9V9S7NI" duration="00:00:00.4672660" startTime="2020-08-06T08:21:09.0000000+00:00" endTime="2020-08-06T08:21:09.0000000+00:00" testType="13cdc9d9-ddb5-4fa4-a97d-d965ccfc6d4b" outcome="Passed" testListId="8c84fa94-04c1-424b-9868-57a2d4851a1d" relativeResultsDirectory="69b64ee6-f04f-4af4-9bdd-04acd12db234" />
    <UnitTestResult executionId="68befc23-f1ff-4547-b9a7-13f065f501f0" testId="dd3de31e-77d4-6953-1524-e35ec43850d7" testName="Dashboard_ReturnsAsActionResult_WithDashboardPage" computerName="WIN-9E7H9V9S7NI" duration="00:00:00.0015770" startTime="2020-08-06T08:21:09.0000000+00:00" endTime="2020-08-06T08:21:09.0000000+00:00" testType="13cdc9d9-ddb5-4fa4-a97d-d965ccfc6d4b" outcome="Passed" testListId="8c84fa94-04c1-424b-9868-57a2d4851a1d" relativeResultsDirectory="68befc23-f1ff-4547-b9a7-13f065f501f0" />
  </Results>
  <TestDefinitions>
    <UnitTest name="Dashboard_FailedToReturnsAsActionResult_WithoutDashboardPage" storage="d:\a\1\s\samplecswebprojecttest\bin\release\netcoreapp3.1\samplecswebprojecttest.dll" id="04448629-1353-95cd-05aa-c083ea645dca">
      <Execution id="69b64ee6-f04f-4af4-9bdd-04acd12db234" />
      <TestMethod codeBase="D:\a\1\s\SampleCSWebProjectTest\bin\release\netcoreapp3.1\SampleCSWebProjectTest.dll" adapterTypeName="executor://nunit3testexecutor/" className="SampleCSWebProjectTest.DashboardControllerTests" name="Dashboard_FailedToReturnsAsActionResult_WithoutDashboardPage" />
    </UnitTest>
    <UnitTest name="Create_ReturnsAsActionResult_WithCreateDemandPage" storage="d:\a\1\s\samplecswebprojecttest\bin\release\netcoreapp3.1\samplecswebprojecttest.dll" id="332d8ab7-069c-0df0-7d3b-2e9e5f8d92ca">
      <Execution id="9a3dc199-3d4d-4b0f-938a-fd45a2f32e04" />
      <TestMethod codeBase="D:\a\1\s\SampleCSWebProjectTest\bin\release\netcoreapp3.1\SampleCSWebProjectTest.dll" adapterTypeName="executor://nunit3testexecutor/" className="SampleCSWebProjectTest.DemandControllerTests" name="Create_ReturnsAsActionResult_WithCreateDemandPage" />
    </UnitTest>
    <UnitTest name="Index_ReturnsAsActionResult_WithLoginPage" storage="d:\a\1\s\samplecswebprojecttest\bin\release\netcoreapp3.1\samplecswebprojecttest.dll" id="5ef51997-1946-12e9-f59b-1a31073f8bb0">
      <Execution id="0d89520e-f897-442b-98c0-9a5249146589" />
      <TestMethod codeBase="D:\a\1\s\SampleCSWebProjectTest\bin\release\netcoreapp3.1\SampleCSWebProjectTest.dll" adapterTypeName="executor://nunit3testexecutor/" className="SampleCSWebProjectTest.LoginControllerTests" name="Index_ReturnsAsActionResult_WithLoginPage" />
    </UnitTest>
    <UnitTest name="Dashboard_ReturnsAsActionResult_WithDashboardPage" storage="d:\a\1\s\samplecswebprojecttest\bin\release\netcoreapp3.1\samplecswebprojecttest.dll" id="dd3de31e-77d4-6953-1524-e35ec43850d7">
      <Execution id="68befc23-f1ff-4547-b9a7-13f065f501f0" />
      <TestMethod codeBase="D:\a\1\s\SampleCSWebProjectTest\bin\release\netcoreapp3.1\SampleCSWebProjectTest.dll" adapterTypeName="executor://nunit3testexecutor/" className="SampleCSWebProjectTest.DashboardControllerTests" name="Dashboard_ReturnsAsActionResult_WithDashboardPage" />
    </UnitTest>
  </TestDefinitions>
  <TestEntries>
    <TestEntry testId="5ef51997-1946-12e9-f59b-1a31073f8bb0" executionId="0d89520e-f897-442b-98c0-9a5249146589" testListId="8c84fa94-04c1-424b-9868-57a2d4851a1d" />
    <TestEntry testId="332d8ab7-069c-0df0-7d3b-2e9e5f8d92ca" executionId="9a3dc199-3d4d-4b0f-938a-fd45a2f32e04" testListId="8c84fa94-04c1-424b-9868-57a2d4851a1d" />
    <TestEntry testId="04448629-1353-95cd-05aa-c083ea645dca" executionId="69b64ee6-f04f-4af4-9bdd-04acd12db234" testListId="8c84fa94-04c1-424b-9868-57a2d4851a1d" />
    <TestEntry testId="dd3de31e-77d4-6953-1524-e35ec43850d7" executionId="68befc23-f1ff-4547-b9a7-13f065f501f0" testListId="8c84fa94-04c1-424b-9868-57a2d4851a1d" />
  </TestEntries>
  <TestLists>
    <TestList name="Results Not in a List" id="8c84fa94-04c1-424b-9868-57a2d4851a1d" />
    <TestList name="All Loaded Results" id="19431567-8539-422a-85d7-44ee4e166bda" />
  </TestLists>
  <ResultSummary outcome="Completed">
    <Counters total="4" executed="4" passed="4" failed="0" error="0" timeout="0" aborted="0" inconclusive="0" passedButRunAborted="0" notRunnable="0" notExecuted="0" disconnected="0" warning="0" completed="0" inProgress="0" pending="0" />
    <Output>
      <StdOut>NUnit Adapter 3.15.1.0: Test execution started&#xD;
Running all tests in D:\a\1\s\SampleCSWebProjectTest\bin\release\netcoreapp3.1\SampleCSWebProjectTest.dll&#xD;
   NUnit3TestExecutor converted 4 of 4 NUnit test cases&#xD;
NUnit Adapter 3.15.1.0: Test execution complete&#xD;
</StdOut>
    </Output>
    <CollectorDataEntries>
      <Collector agentName="WIN-9E7H9V9S7NI" uri="datacollector://microsoft/CodeCoverage/2.0" collectorDisplayName="Code Coverage">
        <UriAttachments>
          <UriAttachment>
            <A href="WIN-9E7H9V9S7NI\VssAdministrator_WIN-9E7H9V9S7NI_2020-08-06.08_21_06.coverage"></A>
          </UriAttachment>
        </UriAttachments>
      </Collector>
    </CollectorDataEntries>
  </ResultSummary>
</TestRun>