<?xml version="1.0" encoding="utf-8"?>
<TestRun id="a61211ef-525e-4d88-98ec-54a39f53e77e" name="VssAdministrator@WIN-M3S32NSN4OA 2020-07-31 07:48:38" runUser="WIN-M3S32NSN4OA\VssAdministrator" xmlns="http://microsoft.com/schemas/VisualStudio/TeamTest/2010">
  <Times creation="2020-07-31T07:48:38.7150458+00:00" queuing="2020-07-31T07:48:38.7150460+00:00" start="2020-07-31T07:48:34.2553392+00:00" finish="2020-07-31T07:48:38.7363250+00:00" />
  <TestSettings name="default" id="dd6a4672-3250-4fba-b95d-bbe307c36ff6">
    <Deployment runDeploymentRoot="VssAdministrator_WIN-M3S32NSN4OA_2020-07-31_07_48_38" />
  </TestSettings>
  <Results>
    <UnitTestResult executionId="e53a6099-4671-4f7d-b2d8-4974649de3c9" testId="b12ab4fb-57f2-6195-c907-d803e421cfd1" testName="Post_IsDemandNull_ReturnsFalse" computerName="WIN-M3S32NSN4OA" duration="00:00:00.7585040" startTime="2020-07-31T07:48:37.0000000+00:00" endTime="2020-07-31T07:48:38.0000000+00:00" testType="13cdc9d9-ddb5-4fa4-a97d-d965ccfc6d4b" outcome="Passed" testListId="8c84fa94-04c1-424b-9868-57a2d4851a1d" relativeResultsDirectory="e53a6099-4671-4f7d-b2d8-4974649de3c9" />
  </Results>
  <TestDefinitions>
    <UnitTest name="Post_IsDemandNull_ReturnsFalse" storage="d:\a\1\s\samplecsprojecttest\bin\release\netcoreapp3.1\samplecsprojecttest.dll" id="b12ab4fb-57f2-6195-c907-d803e421cfd1">
      <Execution id="e53a6099-4671-4f7d-b2d8-4974649de3c9" />
      <TestMethod codeBase="D:\a\1\s\SampleCSProjectTest\bin\release\netcoreapp3.1\SampleCSProjectTest.dll" adapterTypeName="executor://nunit3testexecutor/" className="SampleCSProjectTest.DemandControllerTests" name="Post_IsDemandNull_ReturnsFalse" />
    </UnitTest>
  </TestDefinitions>
  <TestEntries>
    <TestEntry testId="b12ab4fb-57f2-6195-c907-d803e421cfd1" executionId="e53a6099-4671-4f7d-b2d8-4974649de3c9" testListId="8c84fa94-04c1-424b-9868-57a2d4851a1d" />
  </TestEntries>
  <TestLists>
    <TestList name="Results Not in a List" id="8c84fa94-04c1-424b-9868-57a2d4851a1d" />
    <TestList name="All Loaded Results" id="19431567-8539-422a-85d7-44ee4e166bda" />
  </TestLists>
  <ResultSummary outcome="Completed">
    <Counters total="1" executed="1" passed="1" failed="0" error="0" timeout="0" aborted="0" inconclusive="0" passedButRunAborted="0" notRunnable="0" notExecuted="0" disconnected="0" warning="0" completed="0" inProgress="0" pending="0" />
    <Output>
      <StdOut>NUnit Adapter 3.15.1.0: Test execution started&#xD;
Running all tests in D:\a\1\s\SampleCSProjectTest\bin\release\netcoreapp3.1\SampleCSProjectTest.dll&#xD;
   NUnit3TestExecutor converted 1 of 1 NUnit test cases&#xD;
NUnit Adapter 3.15.1.0: Test execution complete&#xD;
</StdOut>
    </Output>
    <CollectorDataEntries>
      <Collector agentName="WIN-M3S32NSN4OA" uri="datacollector://microsoft/CodeCoverage/2.0" collectorDisplayName="Code Coverage">
        <UriAttachments>
          <UriAttachment>
            <A href="WIN-M3S32NSN4OA\VssAdministrator_WIN-M3S32NSN4OA_2020-07-31.07_48_35.coverage"></A>
          </UriAttachment>
        </UriAttachments>
      </Collector>
    </CollectorDataEntries>
  </ResultSummary>
</TestRun>