<?xml version="1.0" encoding="utf-8"?>
<TestRun id="43cc8a2b-52cf-481f-b02d-124ed341ca33" name="VssAdministrator@WIN-S8L41H46HBP 2020-08-06 20:19:06" runUser="WIN-S8L41H46HBP\VssAdministrator" xmlns="http://microsoft.com/schemas/VisualStudio/TeamTest/2010">
  <Times creation="2020-08-06T20:19:06.6263047+00:00" queuing="2020-08-06T20:19:06.6263050+00:00" start="2020-08-06T20:19:04.8309115+00:00" finish="2020-08-06T20:19:06.6465862+00:00" />
  <TestSettings name="default" id="6fca26ca-628a-4809-bbf5-1d92fd8f3feb">
    <Deployment runDeploymentRoot="VssAdministrator_WIN-S8L41H46HBP_2020-08-06_20_19_06" />
  </TestSettings>
  <Results>
    <UnitTestResult executionId="e4222fb4-1191-4fa7-b9c6-faac88a5262b" testId="e8be1150-b921-2789-9aa4-a2d6c8568c27" testName="GellAll_UserIsExist_ReturnsUserList" computerName="WIN-S8L41H46HBP" duration="00:00:00.0041590" startTime="2020-08-06T20:19:06.0000000+00:00" endTime="2020-08-06T20:19:06.0000000+00:00" testType="13cdc9d9-ddb5-4fa4-a97d-d965ccfc6d4b" outcome="Passed" testListId="8c84fa94-04c1-424b-9868-57a2d4851a1d" relativeResultsDirectory="e4222fb4-1191-4fa7-b9c6-faac88a5262b" />
    <UnitTestResult executionId="c17f875d-6f00-4ebb-94a5-b380e4895200" testId="cb3e492e-4c93-68d5-203b-6a28d2b1a949" testName="Post_IsDemandNull_ReturnsFalse" computerName="WIN-S8L41H46HBP" duration="00:00:00.2704730" startTime="2020-08-06T20:19:06.0000000+00:00" endTime="2020-08-06T20:19:06.0000000+00:00" testType="13cdc9d9-ddb5-4fa4-a97d-d965ccfc6d4b" outcome="Passed" testListId="8c84fa94-04c1-424b-9868-57a2d4851a1d" relativeResultsDirectory="c17f875d-6f00-4ebb-94a5-b380e4895200" />
    <UnitTestResult executionId="9a989459-ab23-40d4-bb74-0df46a105efc" testId="85392f5b-1414-385e-ac97-8bb868467195" testName="Post_UserCredentialsIsNull_ReturnsBadRequest" computerName="WIN-S8L41H46HBP" duration="00:00:00.0017340" startTime="2020-08-06T20:19:06.0000000+00:00" endTime="2020-08-06T20:19:06.0000000+00:00" testType="13cdc9d9-ddb5-4fa4-a97d-d965ccfc6d4b" outcome="Passed" testListId="8c84fa94-04c1-424b-9868-57a2d4851a1d" relativeResultsDirectory="9a989459-ab23-40d4-bb74-0df46a105efc" />
    <UnitTestResult executionId="56984bfc-c22d-4f5f-bdd4-b89deef8d298" testId="a2cb0198-f924-42db-629a-5399feeff5b8" testName="Gell_UserIsExit_ReturnsMatchedUser" computerName="WIN-S8L41H46HBP" duration="00:00:00.0071080" startTime="2020-08-06T20:19:06.0000000+00:00" endTime="2020-08-06T20:19:06.0000000+00:00" testType="13cdc9d9-ddb5-4fa4-a97d-d965ccfc6d4b" outcome="Passed" testListId="8c84fa94-04c1-424b-9868-57a2d4851a1d" relativeResultsDirectory="56984bfc-c22d-4f5f-bdd4-b89deef8d298" />
    <UnitTestResult executionId="9ed96a64-c32b-4a01-afb1-dde07865fa21" testId="e0cfddb0-b9b0-b12f-2d06-3b489e0e9736" testName="Authenticate_UserCredentialsIsCorrect_ReturnsToken" computerName="WIN-S8L41H46HBP" duration="00:00:00.0152350" startTime="2020-08-06T20:19:06.0000000+00:00" endTime="2020-08-06T20:19:06.0000000+00:00" testType="13cdc9d9-ddb5-4fa4-a97d-d965ccfc6d4b" outcome="Passed" testListId="8c84fa94-04c1-424b-9868-57a2d4851a1d" relativeResultsDirectory="9ed96a64-c32b-4a01-afb1-dde07865fa21" />
  </Results>
  <TestDefinitions>
    <UnitTest name="Post_IsDemandNull_ReturnsFalse" storage="d:\a\1\s\mastertestcode\samplemasterprojtest\bin\release\netcoreapp3.1\samplemasterprojtest.dll" id="cb3e492e-4c93-68d5-203b-6a28d2b1a949">
      <Execution id="c17f875d-6f00-4ebb-94a5-b380e4895200" />
      <TestMethod codeBase="D:\a\1\s\MasterTestCode\SampleMasterProjTest\bin\release\netcoreapp3.1\SampleMasterProjTest.dll" adapterTypeName="executor://nunit3testexecutor/" className="SampleMasterProjTest.DemandControllerTests" name="Post_IsDemandNull_ReturnsFalse" />
    </UnitTest>
    <UnitTest name="Post_UserCredentialsIsNull_ReturnsBadRequest" storage="d:\a\1\s\mastertestcode\samplemasterprojtest\bin\release\netcoreapp3.1\samplemasterprojtest.dll" id="85392f5b-1414-385e-ac97-8bb868467195">
      <Execution id="9a989459-ab23-40d4-bb74-0df46a105efc" />
      <TestMethod codeBase="D:\a\1\s\MasterTestCode\SampleMasterProjTest\bin\release\netcoreapp3.1\SampleMasterProjTest.dll" adapterTypeName="executor://nunit3testexecutor/" className="SampleMasterProjTest.UsersControllerTests" name="Post_UserCredentialsIsNull_ReturnsBadRequest" />
    </UnitTest>
    <UnitTest name="Gell_UserIsExit_ReturnsMatchedUser" storage="d:\a\1\s\mastertestcode\samplemasterprojtest\bin\release\netcoreapp3.1\samplemasterprojtest.dll" id="a2cb0198-f924-42db-629a-5399feeff5b8">
      <Execution id="56984bfc-c22d-4f5f-bdd4-b89deef8d298" />
      <TestMethod codeBase="D:\a\1\s\MasterTestCode\SampleMasterProjTest\bin\release\netcoreapp3.1\SampleMasterProjTest.dll" adapterTypeName="executor://nunit3testexecutor/" className="SampleMasterProjTest.UsersControllerTests" name="Gell_UserIsExit_ReturnsMatchedUser" />
    </UnitTest>
    <UnitTest name="Authenticate_UserCredentialsIsCorrect_ReturnsToken" storage="d:\a\1\s\mastertestcode\samplemasterprojtest\bin\release\netcoreapp3.1\samplemasterprojtest.dll" id="e0cfddb0-b9b0-b12f-2d06-3b489e0e9736">
      <Execution id="9ed96a64-c32b-4a01-afb1-dde07865fa21" />
      <TestMethod codeBase="D:\a\1\s\MasterTestCode\SampleMasterProjTest\bin\release\netcoreapp3.1\SampleMasterProjTest.dll" adapterTypeName="executor://nunit3testexecutor/" className="SampleMasterProjTest.UsersControllerTests" name="Authenticate_UserCredentialsIsCorrect_ReturnsToken" />
    </UnitTest>
    <UnitTest name="GellAll_UserIsExist_ReturnsUserList" storage="d:\a\1\s\mastertestcode\samplemasterprojtest\bin\release\netcoreapp3.1\samplemasterprojtest.dll" id="e8be1150-b921-2789-9aa4-a2d6c8568c27">
      <Execution id="e4222fb4-1191-4fa7-b9c6-faac88a5262b" />
      <TestMethod codeBase="D:\a\1\s\MasterTestCode\SampleMasterProjTest\bin\release\netcoreapp3.1\SampleMasterProjTest.dll" adapterTypeName="executor://nunit3testexecutor/" className="SampleMasterProjTest.UsersControllerTests" name="GellAll_UserIsExist_ReturnsUserList" />
    </UnitTest>
  </TestDefinitions>
  <TestEntries>
    <TestEntry testId="e8be1150-b921-2789-9aa4-a2d6c8568c27" executionId="e4222fb4-1191-4fa7-b9c6-faac88a5262b" testListId="8c84fa94-04c1-424b-9868-57a2d4851a1d" />
    <TestEntry testId="cb3e492e-4c93-68d5-203b-6a28d2b1a949" executionId="c17f875d-6f00-4ebb-94a5-b380e4895200" testListId="8c84fa94-04c1-424b-9868-57a2d4851a1d" />
    <TestEntry testId="85392f5b-1414-385e-ac97-8bb868467195" executionId="9a989459-ab23-40d4-bb74-0df46a105efc" testListId="8c84fa94-04c1-424b-9868-57a2d4851a1d" />
    <TestEntry testId="a2cb0198-f924-42db-629a-5399feeff5b8" executionId="56984bfc-c22d-4f5f-bdd4-b89deef8d298" testListId="8c84fa94-04c1-424b-9868-57a2d4851a1d" />
    <TestEntry testId="e0cfddb0-b9b0-b12f-2d06-3b489e0e9736" executionId="9ed96a64-c32b-4a01-afb1-dde07865fa21" testListId="8c84fa94-04c1-424b-9868-57a2d4851a1d" />
  </TestEntries>
  <TestLists>
    <TestList name="Results Not in a List" id="8c84fa94-04c1-424b-9868-57a2d4851a1d" />
    <TestList name="All Loaded Results" id="19431567-8539-422a-85d7-44ee4e166bda" />
  </TestLists>
  <ResultSummary outcome="Completed">
    <Counters total="5" executed="5" passed="5" failed="0" error="0" timeout="0" aborted="0" inconclusive="0" passedButRunAborted="0" notRunnable="0" notExecuted="0" disconnected="0" warning="0" completed="0" inProgress="0" pending="0" />
    <Output>
      <StdOut>NUnit Adapter 3.15.1.0: Test execution started&#xD;
Running all tests in D:\a\1\s\MasterTestCode\SampleMasterProjTest\bin\release\netcoreapp3.1\SampleMasterProjTest.dll&#xD;
   NUnit3TestExecutor converted 5 of 5 NUnit test cases&#xD;
NUnit Adapter 3.15.1.0: Test execution complete&#xD;
</StdOut>
    </Output>
  </ResultSummary>
</TestRun>