<?xml version="1.0" encoding="utf-8"?>
<TestRun id="9771c952-d71b-4965-9b5a-497de11320a2" name="VssAdministrator@WIN-S8L41H46HBP 2020-08-06 20:36:23" runUser="WIN-S8L41H46HBP\VssAdministrator" xmlns="http://microsoft.com/schemas/VisualStudio/TeamTest/2010">
  <Times creation="2020-08-06T20:36:23.5374962+00:00" queuing="2020-08-06T20:36:23.5374965+00:00" start="2020-08-06T20:36:19.9746953+00:00" finish="2020-08-06T20:36:23.5549203+00:00" />
  <TestSettings name="default" id="f34e4b9d-55e5-4d61-8518-2db80686d70a">
    <Deployment runDeploymentRoot="VssAdministrator_WIN-S8L41H46HBP_2020-08-06_20_36_23" />
  </TestSettings>
  <Results>
    <UnitTestResult executionId="53e53096-86ef-4a96-9c1d-162132550651" testId="dd3de31e-77d4-6953-1524-e35ec43850d7" testName="Dashboard_ReturnsAsActionResult_WithDashboardPage" computerName="WIN-S8L41H46HBP" duration="00:00:00.0025330" startTime="2020-08-06T20:36:23.0000000+00:00" endTime="2020-08-06T20:36:23.0000000+00:00" testType="13cdc9d9-ddb5-4fa4-a97d-d965ccfc6d4b" outcome="Passed" testListId="8c84fa94-04c1-424b-9868-57a2d4851a1d" relativeResultsDirectory="53e53096-86ef-4a96-9c1d-162132550651" />
    <UnitTestResult executionId="2acf614f-5142-4519-9a7c-5b8a6b7f32b5" testId="04448629-1353-95cd-05aa-c083ea645dca" testName="Dashboard_FailedToReturnsAsActionResult_WithoutDashboardPage" computerName="WIN-S8L41H46HBP" duration="00:00:00.3120870" startTime="2020-08-06T20:36:22.0000000+00:00" endTime="2020-08-06T20:36:23.0000000+00:00" testType="13cdc9d9-ddb5-4fa4-a97d-d965ccfc6d4b" outcome="Passed" testListId="8c84fa94-04c1-424b-9868-57a2d4851a1d" relativeResultsDirectory="2acf614f-5142-4519-9a7c-5b8a6b7f32b5" />
    <UnitTestResult executionId="ee6159d5-4213-43c0-8d6e-3cabaa266e45" testId="5ef51997-1946-12e9-f59b-1a31073f8bb0" testName="Index_ReturnsAsActionResult_WithLoginPage" computerName="WIN-S8L41H46HBP" duration="00:00:00.0033880" startTime="2020-08-06T20:36:23.0000000+00:00" endTime="2020-08-06T20:36:23.0000000+00:00" testType="13cdc9d9-ddb5-4fa4-a97d-d965ccfc6d4b" outcome="Passed" testListId="8c84fa94-04c1-424b-9868-57a2d4851a1d" relativeResultsDirectory="ee6159d5-4213-43c0-8d6e-3cabaa266e45" />
    <UnitTestResult executionId="494bb559-1df5-4ef2-b5c2-7b1ab68ee7fc" testId="332d8ab7-069c-0df0-7d3b-2e9e5f8d92ca" testName="Create_ReturnsAsActionResult_WithCreateDemandPage" computerName="WIN-S8L41H46HBP" duration="00:00:00.1796250" startTime="2020-08-06T20:36:23.0000000+00:00" endTime="2020-08-06T20:36:23.0000000+00:00" testType="13cdc9d9-ddb5-4fa4-a97d-d965ccfc6d4b" outcome="Passed" testListId="8c84fa94-04c1-424b-9868-57a2d4851a1d" relativeResultsDirectory="494bb559-1df5-4ef2-b5c2-7b1ab68ee7fc" />
  </Results>
  <TestDefinitions>
    <UnitTest name="Dashboard_FailedToReturnsAsActionResult_WithoutDashboardPage" storage="d:\a\1\s\samplecswebprojecttest\bin\release\netcoreapp3.1\samplecswebprojecttest.dll" id="04448629-1353-95cd-05aa-c083ea645dca">
      <Execution id="2acf614f-5142-4519-9a7c-5b8a6b7f32b5" />
      <TestMethod codeBase="D:\a\1\s\SampleCSWebProjectTest\bin\release\netcoreapp3.1\SampleCSWebProjectTest.dll" adapterTypeName="executor://nunit3testexecutor/" className="SampleCSWebProjectTest.DashboardControllerTests" name="Dashboard_FailedToReturnsAsActionResult_WithoutDashboardPage" />
    </UnitTest>
    <UnitTest name="Create_ReturnsAsActionResult_WithCreateDemandPage" storage="d:\a\1\s\samplecswebprojecttest\bin\release\netcoreapp3.1\samplecswebprojecttest.dll" id="332d8ab7-069c-0df0-7d3b-2e9e5f8d92ca">
      <Execution id="494bb559-1df5-4ef2-b5c2-7b1ab68ee7fc" />
      <TestMethod codeBase="D:\a\1\s\SampleCSWebProjectTest\bin\release\netcoreapp3.1\SampleCSWebProjectTest.dll" adapterTypeName="executor://nunit3testexecutor/" className="SampleCSWebProjectTest.DemandControllerTests" name="Create_ReturnsAsActionResult_WithCreateDemandPage" />
    </UnitTest>
    <UnitTest name="Index_ReturnsAsActionResult_WithLoginPage" storage="d:\a\1\s\samplecswebprojecttest\bin\release\netcoreapp3.1\samplecswebprojecttest.dll" id="5ef51997-1946-12e9-f59b-1a31073f8bb0">
      <Execution id="ee6159d5-4213-43c0-8d6e-3cabaa266e45" />
      <TestMethod codeBase="D:\a\1\s\SampleCSWebProjectTest\bin\release\netcoreapp3.1\SampleCSWebProjectTest.dll" adapterTypeName="executor://nunit3testexecutor/" className="SampleCSWebProjectTest.LoginControllerTests" name="Index_ReturnsAsActionResult_WithLoginPage" />
    </UnitTest>
    <UnitTest name="Dashboard_ReturnsAsActionResult_WithDashboardPage" storage="d:\a\1\s\samplecswebprojecttest\bin\release\netcoreapp3.1\samplecswebprojecttest.dll" id="dd3de31e-77d4-6953-1524-e35ec43850d7">
      <Execution id="53e53096-86ef-4a96-9c1d-162132550651" />
      <TestMethod codeBase="D:\a\1\s\SampleCSWebProjectTest\bin\release\netcoreapp3.1\SampleCSWebProjectTest.dll" adapterTypeName="executor://nunit3testexecutor/" className="SampleCSWebProjectTest.DashboardControllerTests" name="Dashboard_ReturnsAsActionResult_WithDashboardPage" />
    </UnitTest>
  </TestDefinitions>
  <TestEntries>
    <TestEntry testId="dd3de31e-77d4-6953-1524-e35ec43850d7" executionId="53e53096-86ef-4a96-9c1d-162132550651" testListId="8c84fa94-04c1-424b-9868-57a2d4851a1d" />
    <TestEntry testId="04448629-1353-95cd-05aa-c083ea645dca" executionId="2acf614f-5142-4519-9a7c-5b8a6b7f32b5" testListId="8c84fa94-04c1-424b-9868-57a2d4851a1d" />
    <TestEntry testId="5ef51997-1946-12e9-f59b-1a31073f8bb0" executionId="ee6159d5-4213-43c0-8d6e-3cabaa266e45" testListId="8c84fa94-04c1-424b-9868-57a2d4851a1d" />
    <TestEntry testId="332d8ab7-069c-0df0-7d3b-2e9e5f8d92ca" executionId="494bb559-1df5-4ef2-b5c2-7b1ab68ee7fc" testListId="8c84fa94-04c1-424b-9868-57a2d4851a1d" />
  </TestEntries>
  <TestLists>
    <TestList name="Results Not in a List" id="8c84fa94-04c1-424b-9868-57a2d4851a1d" />
    <TestList name="All Loaded Results" id="19431567-8539-422a-85d7-44ee4e166bda" />
  </TestLists>
  <ResultSummary outcome="Completed">
    <Counters total="4" executed="4" passed="4" failed="0" error="0" timeout="0" aborted="0" inconclusive="0" passedButRunAborted="0" notRunnable="0" notExecuted="0" disconnected="0" warning="0" completed="0" inProgress="0" pending="0" />
    <Output>
      <StdOut>NUnit Adapter 3.15.1.0: Test execution started&#xD;
Running all tests in D:\a\1\s\SampleCSWebProjectTest\bin\release\netcoreapp3.1\SampleCSWebProjectTest.dll&#xD;
   NUnit3TestExecutor converted 4 of 4 NUnit test cases&#xD;
NUnit Adapter 3.15.1.0: Test execution complete&#xD;
</StdOut>
    </Output>
    <CollectorDataEntries>
      <Collector agentName="WIN-S8L41H46HBP" uri="datacollector://microsoft/CodeCoverage/2.0" collectorDisplayName="Code Coverage">
        <UriAttachments>
          <UriAttachment>
            <A href="WIN-S8L41H46HBP\VssAdministrator_WIN-S8L41H46HBP_2020-08-06.20_36_20.coverage"></A>
          </UriAttachment>
        </UriAttachments>
      </Collector>
    </CollectorDataEntries>
  </ResultSummary>
</TestRun>