<?xml version="1.0" encoding="utf-8"?>
<TestRun id="2f6bca55-4f52-4d5d-b01d-11e02f1b719b" name="VssAdministrator@WIN-S8L41H46HBP 2020-08-07 11:16:00" runUser="WIN-S8L41H46HBP\VssAdministrator" xmlns="http://microsoft.com/schemas/VisualStudio/TeamTest/2010">
  <Times creation="2020-08-07T11:16:00.8680327+00:00" queuing="2020-08-07T11:16:00.8680330+00:00" start="2020-08-07T11:15:59.0828569+00:00" finish="2020-08-07T11:16:00.8946257+00:00" />
  <TestSettings name="default" id="4adce7c5-ceab-46d0-b87b-8f33cf289ecb">
    <Deployment runDeploymentRoot="VssAdministrator_WIN-S8L41H46HBP_2020-08-07_11_16_00" />
  </TestSettings>
  <Results>
    <UnitTestResult executionId="af857ee2-11d3-4771-a067-ed049ba34d03" testId="e0cfddb0-b9b0-b12f-2d06-3b489e0e9736" testName="Authenticate_UserCredentialsIsCorrect_ReturnsToken" computerName="WIN-S8L41H46HBP" duration="00:00:00.0162060" startTime="2020-08-07T11:16:00.0000000+00:00" endTime="2020-08-07T11:16:00.0000000+00:00" testType="13cdc9d9-ddb5-4fa4-a97d-d965ccfc6d4b" outcome="Passed" testListId="8c84fa94-04c1-424b-9868-57a2d4851a1d" relativeResultsDirectory="af857ee2-11d3-4771-a067-ed049ba34d03" />
    <UnitTestResult executionId="d145b10b-a436-4145-b02a-95117211307c" testId="cb3e492e-4c93-68d5-203b-6a28d2b1a949" testName="Post_IsDemandNull_ReturnsFalse" computerName="WIN-S8L41H46HBP" duration="00:00:00.3034490" startTime="2020-08-07T11:16:00.0000000+00:00" endTime="2020-08-07T11:16:00.0000000+00:00" testType="13cdc9d9-ddb5-4fa4-a97d-d965ccfc6d4b" outcome="Passed" testListId="8c84fa94-04c1-424b-9868-57a2d4851a1d" relativeResultsDirectory="d145b10b-a436-4145-b02a-95117211307c" />
    <UnitTestResult executionId="dbc42219-ac7e-4786-92c8-e369a877f40e" testId="a2cb0198-f924-42db-629a-5399feeff5b8" testName="Gell_UserIsExit_ReturnsMatchedUser" computerName="WIN-S8L41H46HBP" duration="00:00:00.0059540" startTime="2020-08-07T11:16:00.0000000+00:00" endTime="2020-08-07T11:16:00.0000000+00:00" testType="13cdc9d9-ddb5-4fa4-a97d-d965ccfc6d4b" outcome="Passed" testListId="8c84fa94-04c1-424b-9868-57a2d4851a1d" relativeResultsDirectory="dbc42219-ac7e-4786-92c8-e369a877f40e" />
    <UnitTestResult executionId="ead2582a-db6c-45a9-8faa-a1741d915ee9" testId="85392f5b-1414-385e-ac97-8bb868467195" testName="Post_UserCredentialsIsNull_ReturnsBadRequest" computerName="WIN-S8L41H46HBP" duration="00:00:00.0016420" startTime="2020-08-07T11:16:00.0000000+00:00" endTime="2020-08-07T11:16:00.0000000+00:00" testType="13cdc9d9-ddb5-4fa4-a97d-d965ccfc6d4b" outcome="Passed" testListId="8c84fa94-04c1-424b-9868-57a2d4851a1d" relativeResultsDirectory="ead2582a-db6c-45a9-8faa-a1741d915ee9" />
    <UnitTestResult executionId="e537b06f-5f27-495d-8238-d3b1df12f043" testId="e8be1150-b921-2789-9aa4-a2d6c8568c27" testName="GellAll_UserIsExist_ReturnsUserList" computerName="WIN-S8L41H46HBP" duration="00:00:00.0037530" startTime="2020-08-07T11:16:00.0000000+00:00" endTime="2020-08-07T11:16:00.0000000+00:00" testType="13cdc9d9-ddb5-4fa4-a97d-d965ccfc6d4b" outcome="Passed" testListId="8c84fa94-04c1-424b-9868-57a2d4851a1d" relativeResultsDirectory="e537b06f-5f27-495d-8238-d3b1df12f043" />
  </Results>
  <TestDefinitions>
    <UnitTest name="Post_IsDemandNull_ReturnsFalse" storage="d:\a\1\s\mastertestcode\samplemasterprojtest\bin\release\netcoreapp3.1\samplemasterprojtest.dll" id="cb3e492e-4c93-68d5-203b-6a28d2b1a949">
      <Execution id="d145b10b-a436-4145-b02a-95117211307c" />
      <TestMethod codeBase="D:\a\1\s\MasterTestCode\SampleMasterProjTest\bin\release\netcoreapp3.1\SampleMasterProjTest.dll" adapterTypeName="executor://nunit3testexecutor/" className="SampleMasterProjTest.DemandControllerTests" name="Post_IsDemandNull_ReturnsFalse" />
    </UnitTest>
    <UnitTest name="Post_UserCredentialsIsNull_ReturnsBadRequest" storage="d:\a\1\s\mastertestcode\samplemasterprojtest\bin\release\netcoreapp3.1\samplemasterprojtest.dll" id="85392f5b-1414-385e-ac97-8bb868467195">
      <Execution id="ead2582a-db6c-45a9-8faa-a1741d915ee9" />
      <TestMethod codeBase="D:\a\1\s\MasterTestCode\SampleMasterProjTest\bin\release\netcoreapp3.1\SampleMasterProjTest.dll" adapterTypeName="executor://nunit3testexecutor/" className="SampleMasterProjTest.UsersControllerTests" name="Post_UserCredentialsIsNull_ReturnsBadRequest" />
    </UnitTest>
    <UnitTest name="Gell_UserIsExit_ReturnsMatchedUser" storage="d:\a\1\s\mastertestcode\samplemasterprojtest\bin\release\netcoreapp3.1\samplemasterprojtest.dll" id="a2cb0198-f924-42db-629a-5399feeff5b8">
      <Execution id="dbc42219-ac7e-4786-92c8-e369a877f40e" />
      <TestMethod codeBase="D:\a\1\s\MasterTestCode\SampleMasterProjTest\bin\release\netcoreapp3.1\SampleMasterProjTest.dll" adapterTypeName="executor://nunit3testexecutor/" className="SampleMasterProjTest.UsersControllerTests" name="Gell_UserIsExit_ReturnsMatchedUser" />
    </UnitTest>
    <UnitTest name="Authenticate_UserCredentialsIsCorrect_ReturnsToken" storage="d:\a\1\s\mastertestcode\samplemasterprojtest\bin\release\netcoreapp3.1\samplemasterprojtest.dll" id="e0cfddb0-b9b0-b12f-2d06-3b489e0e9736">
      <Execution id="af857ee2-11d3-4771-a067-ed049ba34d03" />
      <TestMethod codeBase="D:\a\1\s\MasterTestCode\SampleMasterProjTest\bin\release\netcoreapp3.1\SampleMasterProjTest.dll" adapterTypeName="executor://nunit3testexecutor/" className="SampleMasterProjTest.UsersControllerTests" name="Authenticate_UserCredentialsIsCorrect_ReturnsToken" />
    </UnitTest>
    <UnitTest name="GellAll_UserIsExist_ReturnsUserList" storage="d:\a\1\s\mastertestcode\samplemasterprojtest\bin\release\netcoreapp3.1\samplemasterprojtest.dll" id="e8be1150-b921-2789-9aa4-a2d6c8568c27">
      <Execution id="e537b06f-5f27-495d-8238-d3b1df12f043" />
      <TestMethod codeBase="D:\a\1\s\MasterTestCode\SampleMasterProjTest\bin\release\netcoreapp3.1\SampleMasterProjTest.dll" adapterTypeName="executor://nunit3testexecutor/" className="SampleMasterProjTest.UsersControllerTests" name="GellAll_UserIsExist_ReturnsUserList" />
    </UnitTest>
  </TestDefinitions>
  <TestEntries>
    <TestEntry testId="e0cfddb0-b9b0-b12f-2d06-3b489e0e9736" executionId="af857ee2-11d3-4771-a067-ed049ba34d03" testListId="8c84fa94-04c1-424b-9868-57a2d4851a1d" />
    <TestEntry testId="cb3e492e-4c93-68d5-203b-6a28d2b1a949" executionId="d145b10b-a436-4145-b02a-95117211307c" testListId="8c84fa94-04c1-424b-9868-57a2d4851a1d" />
    <TestEntry testId="a2cb0198-f924-42db-629a-5399feeff5b8" executionId="dbc42219-ac7e-4786-92c8-e369a877f40e" testListId="8c84fa94-04c1-424b-9868-57a2d4851a1d" />
    <TestEntry testId="85392f5b-1414-385e-ac97-8bb868467195" executionId="ead2582a-db6c-45a9-8faa-a1741d915ee9" testListId="8c84fa94-04c1-424b-9868-57a2d4851a1d" />
    <TestEntry testId="e8be1150-b921-2789-9aa4-a2d6c8568c27" executionId="e537b06f-5f27-495d-8238-d3b1df12f043" testListId="8c84fa94-04c1-424b-9868-57a2d4851a1d" />
  </TestEntries>
  <TestLists>
    <TestList name="Results Not in a List" id="8c84fa94-04c1-424b-9868-57a2d4851a1d" />
    <TestList name="All Loaded Results" id="19431567-8539-422a-85d7-44ee4e166bda" />
  </TestLists>
  <ResultSummary outcome="Completed">
    <Counters total="5" executed="5" passed="5" failed="0" error="0" timeout="0" aborted="0" inconclusive="0" passedButRunAborted="0" notRunnable="0" notExecuted="0" disconnected="0" warning="0" completed="0" inProgress="0" pending="0" />
    <Output>
      <StdOut>NUnit Adapter 3.15.1.0: Test execution started&#xD;
Running all tests in D:\a\1\s\MasterTestCode\SampleMasterProjTest\bin\release\netcoreapp3.1\SampleMasterProjTest.dll&#xD;
   NUnit3TestExecutor converted 5 of 5 NUnit test cases&#xD;
NUnit Adapter 3.15.1.0: Test execution complete&#xD;
</StdOut>
    </Output>
  </ResultSummary>
</TestRun>