<?xml version="1.0" encoding="utf-8"?>
<TestRun id="ca1bf7a0-10bb-4aca-85a0-07aa153a49ce" name="VssAdministrator@WIN-S8L41H46HBP 2020-08-07 17:16:44" runUser="WIN-S8L41H46HBP\VssAdministrator" xmlns="http://microsoft.com/schemas/VisualStudio/TeamTest/2010">
  <Times creation="2020-08-07T17:16:44.2116971+00:00" queuing="2020-08-07T17:16:44.2116973+00:00" start="2020-08-07T17:16:42.6895084+00:00" finish="2020-08-07T17:16:44.2381466+00:00" />
  <TestSettings name="default" id="572a83a6-38a3-4710-a06d-c20c1539dfe4">
    <Deployment runDeploymentRoot="VssAdministrator_WIN-S8L41H46HBP_2020-08-07_17_16_44" />
  </TestSettings>
  <Results>
    <UnitTestResult executionId="0b2c4d89-6210-4d62-ad10-a25806024ac3" testId="3e9d81a9-2161-ffa7-4bb5-0e6cceafbb7f" testName="Index_ReturnsAsActionResult_WithLoginPage" computerName="WIN-S8L41H46HBP" duration="00:00:00.0020720" startTime="2020-08-07T17:16:43.0000000+00:00" endTime="2020-08-07T17:16:44.0000000+00:00" testType="13cdc9d9-ddb5-4fa4-a97d-d965ccfc6d4b" outcome="Passed" testListId="8c84fa94-04c1-424b-9868-57a2d4851a1d" relativeResultsDirectory="0b2c4d89-6210-4d62-ad10-a25806024ac3" />
    <UnitTestResult executionId="f71ebd81-67ce-44eb-8c9b-3ba6cf01299e" testId="188987af-fc24-3a25-baf2-185654e1a41b" testName="Dashboard_FailedToReturnsAsActionResult_WithoutDashboardPage" computerName="WIN-S8L41H46HBP" duration="00:00:00.0517750" startTime="2020-08-07T17:16:43.0000000+00:00" endTime="2020-08-07T17:16:43.0000000+00:00" testType="13cdc9d9-ddb5-4fa4-a97d-d965ccfc6d4b" outcome="Passed" testListId="8c84fa94-04c1-424b-9868-57a2d4851a1d" relativeResultsDirectory="f71ebd81-67ce-44eb-8c9b-3ba6cf01299e" />
    <UnitTestResult executionId="1680167c-be84-4b92-9834-9a4a4e04efbc" testId="255b9f44-03cc-49e9-faa6-20a6256cb6d7" testName="Create_ReturnsAsActionResult_WithCreateDemandPage" computerName="WIN-S8L41H46HBP" duration="00:00:00.1724270" startTime="2020-08-07T17:16:43.0000000+00:00" endTime="2020-08-07T17:16:43.0000000+00:00" testType="13cdc9d9-ddb5-4fa4-a97d-d965ccfc6d4b" outcome="Passed" testListId="8c84fa94-04c1-424b-9868-57a2d4851a1d" relativeResultsDirectory="1680167c-be84-4b92-9834-9a4a4e04efbc" />
    <UnitTestResult executionId="b2688315-ed58-48dc-a155-a9e9ff3bb88d" testId="369e88e4-e82a-d6e3-fdb0-70940b92f6a0" testName="Dashboard_ReturnsAsActionResult_WithDashboardPage" computerName="WIN-S8L41H46HBP" duration="00:00:00.0012170" startTime="2020-08-07T17:16:43.0000000+00:00" endTime="2020-08-07T17:16:43.0000000+00:00" testType="13cdc9d9-ddb5-4fa4-a97d-d965ccfc6d4b" outcome="Passed" testListId="8c84fa94-04c1-424b-9868-57a2d4851a1d" relativeResultsDirectory="b2688315-ed58-48dc-a155-a9e9ff3bb88d" />
  </Results>
  <TestDefinitions>
    <UnitTest name="Index_ReturnsAsActionResult_WithLoginPage" storage="d:\a\1\s\mastertestcode\samplemasterwebtest\bin\release\netcoreapp3.1\samplemasterwebtest.dll" id="3e9d81a9-2161-ffa7-4bb5-0e6cceafbb7f">
      <Execution id="0b2c4d89-6210-4d62-ad10-a25806024ac3" />
      <TestMethod codeBase="D:\a\1\s\MasterTestCode\SampleMasterWebTest\bin\release\netcoreapp3.1\SampleMasterWebTest.dll" adapterTypeName="executor://nunit3testexecutor/" className="SampleMasterWebTest.LoginControllerTests" name="Index_ReturnsAsActionResult_WithLoginPage" />
    </UnitTest>
    <UnitTest name="Create_ReturnsAsActionResult_WithCreateDemandPage" storage="d:\a\1\s\mastertestcode\samplemasterwebtest\bin\release\netcoreapp3.1\samplemasterwebtest.dll" id="255b9f44-03cc-49e9-faa6-20a6256cb6d7">
      <Execution id="1680167c-be84-4b92-9834-9a4a4e04efbc" />
      <TestMethod codeBase="D:\a\1\s\MasterTestCode\SampleMasterWebTest\bin\release\netcoreapp3.1\SampleMasterWebTest.dll" adapterTypeName="executor://nunit3testexecutor/" className="SampleMasterWebTest.DemandControllerTests" name="Create_ReturnsAsActionResult_WithCreateDemandPage" />
    </UnitTest>
    <UnitTest name="Dashboard_ReturnsAsActionResult_WithDashboardPage" storage="d:\a\1\s\mastertestcode\samplemasterwebtest\bin\release\netcoreapp3.1\samplemasterwebtest.dll" id="369e88e4-e82a-d6e3-fdb0-70940b92f6a0">
      <Execution id="b2688315-ed58-48dc-a155-a9e9ff3bb88d" />
      <TestMethod codeBase="D:\a\1\s\MasterTestCode\SampleMasterWebTest\bin\release\netcoreapp3.1\SampleMasterWebTest.dll" adapterTypeName="executor://nunit3testexecutor/" className="SampleMasterWebTest.DashboardControllerTests" name="Dashboard_ReturnsAsActionResult_WithDashboardPage" />
    </UnitTest>
    <UnitTest name="Dashboard_FailedToReturnsAsActionResult_WithoutDashboardPage" storage="d:\a\1\s\mastertestcode\samplemasterwebtest\bin\release\netcoreapp3.1\samplemasterwebtest.dll" id="188987af-fc24-3a25-baf2-185654e1a41b">
      <Execution id="f71ebd81-67ce-44eb-8c9b-3ba6cf01299e" />
      <TestMethod codeBase="D:\a\1\s\MasterTestCode\SampleMasterWebTest\bin\release\netcoreapp3.1\SampleMasterWebTest.dll" adapterTypeName="executor://nunit3testexecutor/" className="SampleMasterWebTest.DashboardControllerTests" name="Dashboard_FailedToReturnsAsActionResult_WithoutDashboardPage" />
    </UnitTest>
  </TestDefinitions>
  <TestEntries>
    <TestEntry testId="3e9d81a9-2161-ffa7-4bb5-0e6cceafbb7f" executionId="0b2c4d89-6210-4d62-ad10-a25806024ac3" testListId="8c84fa94-04c1-424b-9868-57a2d4851a1d" />
    <TestEntry testId="188987af-fc24-3a25-baf2-185654e1a41b" executionId="f71ebd81-67ce-44eb-8c9b-3ba6cf01299e" testListId="8c84fa94-04c1-424b-9868-57a2d4851a1d" />
    <TestEntry testId="255b9f44-03cc-49e9-faa6-20a6256cb6d7" executionId="1680167c-be84-4b92-9834-9a4a4e04efbc" testListId="8c84fa94-04c1-424b-9868-57a2d4851a1d" />
    <TestEntry testId="369e88e4-e82a-d6e3-fdb0-70940b92f6a0" executionId="b2688315-ed58-48dc-a155-a9e9ff3bb88d" testListId="8c84fa94-04c1-424b-9868-57a2d4851a1d" />
  </TestEntries>
  <TestLists>
    <TestList name="Results Not in a List" id="8c84fa94-04c1-424b-9868-57a2d4851a1d" />
    <TestList name="All Loaded Results" id="19431567-8539-422a-85d7-44ee4e166bda" />
  </TestLists>
  <ResultSummary outcome="Completed">
    <Counters total="4" executed="4" passed="4" failed="0" error="0" timeout="0" aborted="0" inconclusive="0" passedButRunAborted="0" notRunnable="0" notExecuted="0" disconnected="0" warning="0" completed="0" inProgress="0" pending="0" />
    <Output>
      <StdOut>NUnit Adapter 3.15.1.0: Test execution started&#xD;
Running all tests in D:\a\1\s\MasterTestCode\SampleMasterWebTest\bin\release\netcoreapp3.1\SampleMasterWebTest.dll&#xD;
   NUnit3TestExecutor converted 4 of 4 NUnit test cases&#xD;
NUnit Adapter 3.15.1.0: Test execution complete&#xD;
</StdOut>
    </Output>
  </ResultSummary>
</TestRun>