<?xml version="1.0" encoding="utf-8"?>
<TestRun id="da9c475c-34b2-4a60-ae4b-6eb4c2e5a8c4" name="VssAdministrator@WIN-S8L41H46HBP 2020-08-07 11:16:05" runUser="WIN-S8L41H46HBP\VssAdministrator" xmlns="http://microsoft.com/schemas/VisualStudio/TeamTest/2010">
  <Times creation="2020-08-07T11:16:05.6253581+00:00" queuing="2020-08-07T11:16:05.6253584+00:00" start="2020-08-07T11:16:04.0772480+00:00" finish="2020-08-07T11:16:05.6519379+00:00" />
  <TestSettings name="default" id="ea5602a4-c947-4983-b7b9-c572f180636f">
    <Deployment runDeploymentRoot="VssAdministrator_WIN-S8L41H46HBP_2020-08-07_11_16_05" />
  </TestSettings>
  <Results>
    <UnitTestResult executionId="d7b44c63-793f-413e-820c-358a26d4c144" testId="188987af-fc24-3a25-baf2-185654e1a41b" testName="Dashboard_FailedToReturnsAsActionResult_WithoutDashboardPage" computerName="WIN-S8L41H46HBP" duration="00:00:00.0585380" startTime="2020-08-07T11:16:05.0000000+00:00" endTime="2020-08-07T11:16:05.0000000+00:00" testType="13cdc9d9-ddb5-4fa4-a97d-d965ccfc6d4b" outcome="Passed" testListId="8c84fa94-04c1-424b-9868-57a2d4851a1d" relativeResultsDirectory="d7b44c63-793f-413e-820c-358a26d4c144" />
    <UnitTestResult executionId="0ca6ba1d-471a-447f-9362-eed5dfd7f920" testId="3e9d81a9-2161-ffa7-4bb5-0e6cceafbb7f" testName="Index_ReturnsAsActionResult_WithLoginPage" computerName="WIN-S8L41H46HBP" duration="00:00:00.0060570" startTime="2020-08-07T11:16:05.0000000+00:00" endTime="2020-08-07T11:16:05.0000000+00:00" testType="13cdc9d9-ddb5-4fa4-a97d-d965ccfc6d4b" outcome="Passed" testListId="8c84fa94-04c1-424b-9868-57a2d4851a1d" relativeResultsDirectory="0ca6ba1d-471a-447f-9362-eed5dfd7f920" />
    <UnitTestResult executionId="7dc10475-16cd-4776-9ac9-0d2f12397ab5" testId="369e88e4-e82a-d6e3-fdb0-70940b92f6a0" testName="Dashboard_ReturnsAsActionResult_WithDashboardPage" computerName="WIN-S8L41H46HBP" duration="00:00:00.0012560" startTime="2020-08-07T11:16:05.0000000+00:00" endTime="2020-08-07T11:16:05.0000000+00:00" testType="13cdc9d9-ddb5-4fa4-a97d-d965ccfc6d4b" outcome="Passed" testListId="8c84fa94-04c1-424b-9868-57a2d4851a1d" relativeResultsDirectory="7dc10475-16cd-4776-9ac9-0d2f12397ab5" />
    <UnitTestResult executionId="56152eb0-94f3-44e2-9cce-e83f84a1aae3" testId="255b9f44-03cc-49e9-faa6-20a6256cb6d7" testName="Create_ReturnsAsActionResult_WithCreateDemandPage" computerName="WIN-S8L41H46HBP" duration="00:00:00.1521990" startTime="2020-08-07T11:16:05.0000000+00:00" endTime="2020-08-07T11:16:05.0000000+00:00" testType="13cdc9d9-ddb5-4fa4-a97d-d965ccfc6d4b" outcome="Passed" testListId="8c84fa94-04c1-424b-9868-57a2d4851a1d" relativeResultsDirectory="56152eb0-94f3-44e2-9cce-e83f84a1aae3" />
  </Results>
  <TestDefinitions>
    <UnitTest name="Index_ReturnsAsActionResult_WithLoginPage" storage="d:\a\1\s\mastertestcode\samplemasterwebtest\bin\release\netcoreapp3.1\samplemasterwebtest.dll" id="3e9d81a9-2161-ffa7-4bb5-0e6cceafbb7f">
      <Execution id="0ca6ba1d-471a-447f-9362-eed5dfd7f920" />
      <TestMethod codeBase="D:\a\1\s\MasterTestCode\SampleMasterWebTest\bin\release\netcoreapp3.1\SampleMasterWebTest.dll" adapterTypeName="executor://nunit3testexecutor/" className="SampleMasterWebTest.LoginControllerTests" name="Index_ReturnsAsActionResult_WithLoginPage" />
    </UnitTest>
    <UnitTest name="Create_ReturnsAsActionResult_WithCreateDemandPage" storage="d:\a\1\s\mastertestcode\samplemasterwebtest\bin\release\netcoreapp3.1\samplemasterwebtest.dll" id="255b9f44-03cc-49e9-faa6-20a6256cb6d7">
      <Execution id="56152eb0-94f3-44e2-9cce-e83f84a1aae3" />
      <TestMethod codeBase="D:\a\1\s\MasterTestCode\SampleMasterWebTest\bin\release\netcoreapp3.1\SampleMasterWebTest.dll" adapterTypeName="executor://nunit3testexecutor/" className="SampleMasterWebTest.DemandControllerTests" name="Create_ReturnsAsActionResult_WithCreateDemandPage" />
    </UnitTest>
    <UnitTest name="Dashboard_ReturnsAsActionResult_WithDashboardPage" storage="d:\a\1\s\mastertestcode\samplemasterwebtest\bin\release\netcoreapp3.1\samplemasterwebtest.dll" id="369e88e4-e82a-d6e3-fdb0-70940b92f6a0">
      <Execution id="7dc10475-16cd-4776-9ac9-0d2f12397ab5" />
      <TestMethod codeBase="D:\a\1\s\MasterTestCode\SampleMasterWebTest\bin\release\netcoreapp3.1\SampleMasterWebTest.dll" adapterTypeName="executor://nunit3testexecutor/" className="SampleMasterWebTest.DashboardControllerTests" name="Dashboard_ReturnsAsActionResult_WithDashboardPage" />
    </UnitTest>
    <UnitTest name="Dashboard_FailedToReturnsAsActionResult_WithoutDashboardPage" storage="d:\a\1\s\mastertestcode\samplemasterwebtest\bin\release\netcoreapp3.1\samplemasterwebtest.dll" id="188987af-fc24-3a25-baf2-185654e1a41b">
      <Execution id="d7b44c63-793f-413e-820c-358a26d4c144" />
      <TestMethod codeBase="D:\a\1\s\MasterTestCode\SampleMasterWebTest\bin\release\netcoreapp3.1\SampleMasterWebTest.dll" adapterTypeName="executor://nunit3testexecutor/" className="SampleMasterWebTest.DashboardControllerTests" name="Dashboard_FailedToReturnsAsActionResult_WithoutDashboardPage" />
    </UnitTest>
  </TestDefinitions>
  <TestEntries>
    <TestEntry testId="188987af-fc24-3a25-baf2-185654e1a41b" executionId="d7b44c63-793f-413e-820c-358a26d4c144" testListId="8c84fa94-04c1-424b-9868-57a2d4851a1d" />
    <TestEntry testId="3e9d81a9-2161-ffa7-4bb5-0e6cceafbb7f" executionId="0ca6ba1d-471a-447f-9362-eed5dfd7f920" testListId="8c84fa94-04c1-424b-9868-57a2d4851a1d" />
    <TestEntry testId="369e88e4-e82a-d6e3-fdb0-70940b92f6a0" executionId="7dc10475-16cd-4776-9ac9-0d2f12397ab5" testListId="8c84fa94-04c1-424b-9868-57a2d4851a1d" />
    <TestEntry testId="255b9f44-03cc-49e9-faa6-20a6256cb6d7" executionId="56152eb0-94f3-44e2-9cce-e83f84a1aae3" testListId="8c84fa94-04c1-424b-9868-57a2d4851a1d" />
  </TestEntries>
  <TestLists>
    <TestList name="Results Not in a List" id="8c84fa94-04c1-424b-9868-57a2d4851a1d" />
    <TestList name="All Loaded Results" id="19431567-8539-422a-85d7-44ee4e166bda" />
  </TestLists>
  <ResultSummary outcome="Completed">
    <Counters total="4" executed="4" passed="4" failed="0" error="0" timeout="0" aborted="0" inconclusive="0" passedButRunAborted="0" notRunnable="0" notExecuted="0" disconnected="0" warning="0" completed="0" inProgress="0" pending="0" />
    <Output>
      <StdOut>NUnit Adapter 3.15.1.0: Test execution started&#xD;
Running all tests in D:\a\1\s\MasterTestCode\SampleMasterWebTest\bin\release\netcoreapp3.1\SampleMasterWebTest.dll&#xD;
   NUnit3TestExecutor converted 4 of 4 NUnit test cases&#xD;
NUnit Adapter 3.15.1.0: Test execution complete&#xD;
</StdOut>
    </Output>
  </ResultSummary>
</TestRun>