<?xml version="1.0" encoding="utf-8"?>
<TestRun id="8d3bc895-a60e-4b38-8d9a-30b21e068ad8" name="VssAdministrator@WIN-S8L41H46HBP 2020-08-07 17:16:39" runUser="WIN-S8L41H46HBP\VssAdministrator" xmlns="http://microsoft.com/schemas/VisualStudio/TeamTest/2010">
  <Times creation="2020-08-07T17:16:39.5771579+00:00" queuing="2020-08-07T17:16:39.5771580+00:00" start="2020-08-07T17:16:37.9014119+00:00" finish="2020-08-07T17:16:39.5998051+00:00" />
  <TestSettings name="default" id="6a9c8548-5093-4bad-8d6f-62d9fd1731bc">
    <Deployment runDeploymentRoot="VssAdministrator_WIN-S8L41H46HBP_2020-08-07_17_16_39" />
  </TestSettings>
  <Results>
    <UnitTestResult executionId="fdeb0a96-4949-476f-8c07-ce53fe91e9a1" testId="e0cfddb0-b9b0-b12f-2d06-3b489e0e9736" testName="Authenticate_UserCredentialsIsCorrect_ReturnsToken" computerName="WIN-S8L41H46HBP" duration="00:00:00.0149750" startTime="2020-08-07T17:16:39.0000000+00:00" endTime="2020-08-07T17:16:39.0000000+00:00" testType="13cdc9d9-ddb5-4fa4-a97d-d965ccfc6d4b" outcome="Passed" testListId="8c84fa94-04c1-424b-9868-57a2d4851a1d" relativeResultsDirectory="fdeb0a96-4949-476f-8c07-ce53fe91e9a1" />
    <UnitTestResult executionId="ae280b35-01d7-44f9-9e5c-067f17685249" testId="cb3e492e-4c93-68d5-203b-6a28d2b1a949" testName="Post_IsDemandNull_ReturnsFalse" computerName="WIN-S8L41H46HBP" duration="00:00:00.2320610" startTime="2020-08-07T17:16:39.0000000+00:00" endTime="2020-08-07T17:16:39.0000000+00:00" testType="13cdc9d9-ddb5-4fa4-a97d-d965ccfc6d4b" outcome="Passed" testListId="8c84fa94-04c1-424b-9868-57a2d4851a1d" relativeResultsDirectory="ae280b35-01d7-44f9-9e5c-067f17685249" />
    <UnitTestResult executionId="e3225155-c768-4e45-a0bf-6428b762ac27" testId="85392f5b-1414-385e-ac97-8bb868467195" testName="Post_UserCredentialsIsNull_ReturnsBadRequest" computerName="WIN-S8L41H46HBP" duration="00:00:00.0021170" startTime="2020-08-07T17:16:39.0000000+00:00" endTime="2020-08-07T17:16:39.0000000+00:00" testType="13cdc9d9-ddb5-4fa4-a97d-d965ccfc6d4b" outcome="Passed" testListId="8c84fa94-04c1-424b-9868-57a2d4851a1d" relativeResultsDirectory="e3225155-c768-4e45-a0bf-6428b762ac27" />
    <UnitTestResult executionId="caa9f2cf-9cf5-452b-bd2d-57799c97aef4" testId="e8be1150-b921-2789-9aa4-a2d6c8568c27" testName="GellAll_UserIsExist_ReturnsUserList" computerName="WIN-S8L41H46HBP" duration="00:00:00.0054860" startTime="2020-08-07T17:16:39.0000000+00:00" endTime="2020-08-07T17:16:39.0000000+00:00" testType="13cdc9d9-ddb5-4fa4-a97d-d965ccfc6d4b" outcome="Passed" testListId="8c84fa94-04c1-424b-9868-57a2d4851a1d" relativeResultsDirectory="caa9f2cf-9cf5-452b-bd2d-57799c97aef4" />
    <UnitTestResult executionId="bebd4b85-01be-4914-8f73-7d0fc616691c" testId="a2cb0198-f924-42db-629a-5399feeff5b8" testName="Gell_UserIsExit_ReturnsMatchedUser" computerName="WIN-S8L41H46HBP" duration="00:00:00.0089390" startTime="2020-08-07T17:16:39.0000000+00:00" endTime="2020-08-07T17:16:39.0000000+00:00" testType="13cdc9d9-ddb5-4fa4-a97d-d965ccfc6d4b" outcome="Passed" testListId="8c84fa94-04c1-424b-9868-57a2d4851a1d" relativeResultsDirectory="bebd4b85-01be-4914-8f73-7d0fc616691c" />
  </Results>
  <TestDefinitions>
    <UnitTest name="Post_IsDemandNull_ReturnsFalse" storage="d:\a\1\s\mastertestcode\samplemasterprojtest\bin\release\netcoreapp3.1\samplemasterprojtest.dll" id="cb3e492e-4c93-68d5-203b-6a28d2b1a949">
      <Execution id="ae280b35-01d7-44f9-9e5c-067f17685249" />
      <TestMethod codeBase="D:\a\1\s\MasterTestCode\SampleMasterProjTest\bin\release\netcoreapp3.1\SampleMasterProjTest.dll" adapterTypeName="executor://nunit3testexecutor/" className="SampleMasterProjTest.DemandControllerTests" name="Post_IsDemandNull_ReturnsFalse" />
    </UnitTest>
    <UnitTest name="Post_UserCredentialsIsNull_ReturnsBadRequest" storage="d:\a\1\s\mastertestcode\samplemasterprojtest\bin\release\netcoreapp3.1\samplemasterprojtest.dll" id="85392f5b-1414-385e-ac97-8bb868467195">
      <Execution id="e3225155-c768-4e45-a0bf-6428b762ac27" />
      <TestMethod codeBase="D:\a\1\s\MasterTestCode\SampleMasterProjTest\bin\release\netcoreapp3.1\SampleMasterProjTest.dll" adapterTypeName="executor://nunit3testexecutor/" className="SampleMasterProjTest.UsersControllerTests" name="Post_UserCredentialsIsNull_ReturnsBadRequest" />
    </UnitTest>
    <UnitTest name="Gell_UserIsExit_ReturnsMatchedUser" storage="d:\a\1\s\mastertestcode\samplemasterprojtest\bin\release\netcoreapp3.1\samplemasterprojtest.dll" id="a2cb0198-f924-42db-629a-5399feeff5b8">
      <Execution id="bebd4b85-01be-4914-8f73-7d0fc616691c" />
      <TestMethod codeBase="D:\a\1\s\MasterTestCode\SampleMasterProjTest\bin\release\netcoreapp3.1\SampleMasterProjTest.dll" adapterTypeName="executor://nunit3testexecutor/" className="SampleMasterProjTest.UsersControllerTests" name="Gell_UserIsExit_ReturnsMatchedUser" />
    </UnitTest>
    <UnitTest name="Authenticate_UserCredentialsIsCorrect_ReturnsToken" storage="d:\a\1\s\mastertestcode\samplemasterprojtest\bin\release\netcoreapp3.1\samplemasterprojtest.dll" id="e0cfddb0-b9b0-b12f-2d06-3b489e0e9736">
      <Execution id="fdeb0a96-4949-476f-8c07-ce53fe91e9a1" />
      <TestMethod codeBase="D:\a\1\s\MasterTestCode\SampleMasterProjTest\bin\release\netcoreapp3.1\SampleMasterProjTest.dll" adapterTypeName="executor://nunit3testexecutor/" className="SampleMasterProjTest.UsersControllerTests" name="Authenticate_UserCredentialsIsCorrect_ReturnsToken" />
    </UnitTest>
    <UnitTest name="GellAll_UserIsExist_ReturnsUserList" storage="d:\a\1\s\mastertestcode\samplemasterprojtest\bin\release\netcoreapp3.1\samplemasterprojtest.dll" id="e8be1150-b921-2789-9aa4-a2d6c8568c27">
      <Execution id="caa9f2cf-9cf5-452b-bd2d-57799c97aef4" />
      <TestMethod codeBase="D:\a\1\s\MasterTestCode\SampleMasterProjTest\bin\release\netcoreapp3.1\SampleMasterProjTest.dll" adapterTypeName="executor://nunit3testexecutor/" className="SampleMasterProjTest.UsersControllerTests" name="GellAll_UserIsExist_ReturnsUserList" />
    </UnitTest>
  </TestDefinitions>
  <TestEntries>
    <TestEntry testId="e0cfddb0-b9b0-b12f-2d06-3b489e0e9736" executionId="fdeb0a96-4949-476f-8c07-ce53fe91e9a1" testListId="8c84fa94-04c1-424b-9868-57a2d4851a1d" />
    <TestEntry testId="cb3e492e-4c93-68d5-203b-6a28d2b1a949" executionId="ae280b35-01d7-44f9-9e5c-067f17685249" testListId="8c84fa94-04c1-424b-9868-57a2d4851a1d" />
    <TestEntry testId="85392f5b-1414-385e-ac97-8bb868467195" executionId="e3225155-c768-4e45-a0bf-6428b762ac27" testListId="8c84fa94-04c1-424b-9868-57a2d4851a1d" />
    <TestEntry testId="e8be1150-b921-2789-9aa4-a2d6c8568c27" executionId="caa9f2cf-9cf5-452b-bd2d-57799c97aef4" testListId="8c84fa94-04c1-424b-9868-57a2d4851a1d" />
    <TestEntry testId="a2cb0198-f924-42db-629a-5399feeff5b8" executionId="bebd4b85-01be-4914-8f73-7d0fc616691c" testListId="8c84fa94-04c1-424b-9868-57a2d4851a1d" />
  </TestEntries>
  <TestLists>
    <TestList name="Results Not in a List" id="8c84fa94-04c1-424b-9868-57a2d4851a1d" />
    <TestList name="All Loaded Results" id="19431567-8539-422a-85d7-44ee4e166bda" />
  </TestLists>
  <ResultSummary outcome="Completed">
    <Counters total="5" executed="5" passed="5" failed="0" error="0" timeout="0" aborted="0" inconclusive="0" passedButRunAborted="0" notRunnable="0" notExecuted="0" disconnected="0" warning="0" completed="0" inProgress="0" pending="0" />
    <Output>
      <StdOut>NUnit Adapter 3.15.1.0: Test execution started&#xD;
Running all tests in D:\a\1\s\MasterTestCode\SampleMasterProjTest\bin\release\netcoreapp3.1\SampleMasterProjTest.dll&#xD;
   NUnit3TestExecutor converted 5 of 5 NUnit test cases&#xD;
NUnit Adapter 3.15.1.0: Test execution complete&#xD;
</StdOut>
    </Output>
  </ResultSummary>
</TestRun>