<?xml version="1.0" encoding="utf-8"?>
<TestRun id="e5025782-3433-435d-aa24-68b443c1f71c" name="VssAdministrator@WIN-S8L41H46HBP 2020-08-06 19:28:55" runUser="WIN-S8L41H46HBP\VssAdministrator" xmlns="http://microsoft.com/schemas/VisualStudio/TeamTest/2010">
  <Times creation="2020-08-06T19:28:55.8651778+00:00" queuing="2020-08-06T19:28:55.8651781+00:00" start="2020-08-06T19:28:54.1113192+00:00" finish="2020-08-06T19:28:55.8880322+00:00" />
  <TestSettings name="default" id="573a0146-8e3f-4c82-a336-444ed33b316b">
    <Deployment runDeploymentRoot="VssAdministrator_WIN-S8L41H46HBP_2020-08-06_19_28_55" />
  </TestSettings>
  <Results>
    <UnitTestResult executionId="75dcf502-5098-48a2-bf4f-a54a1b79c1d7" testId="e8be1150-b921-2789-9aa4-a2d6c8568c27" testName="GellAll_UserIsExist_ReturnsUserList" computerName="WIN-S8L41H46HBP" duration="00:00:00.0043320" startTime="2020-08-06T19:28:55.0000000+00:00" endTime="2020-08-06T19:28:55.0000000+00:00" testType="13cdc9d9-ddb5-4fa4-a97d-d965ccfc6d4b" outcome="Passed" testListId="8c84fa94-04c1-424b-9868-57a2d4851a1d" relativeResultsDirectory="75dcf502-5098-48a2-bf4f-a54a1b79c1d7" />
    <UnitTestResult executionId="86fc06a5-5757-4d97-9f79-c61f2b9ff48d" testId="a2cb0198-f924-42db-629a-5399feeff5b8" testName="Gell_UserIsExit_ReturnsMatchedUser" computerName="WIN-S8L41H46HBP" duration="00:00:00.0050419" startTime="2020-08-06T19:28:55.0000000+00:00" endTime="2020-08-06T19:28:55.0000000+00:00" testType="13cdc9d9-ddb5-4fa4-a97d-d965ccfc6d4b" outcome="Passed" testListId="8c84fa94-04c1-424b-9868-57a2d4851a1d" relativeResultsDirectory="86fc06a5-5757-4d97-9f79-c61f2b9ff48d" />
    <UnitTestResult executionId="243d8c64-0a39-489f-96e5-568838b5cfa1" testId="85392f5b-1414-385e-ac97-8bb868467195" testName="Post_UserCredentialsIsNull_ReturnsBadRequest" computerName="WIN-S8L41H46HBP" duration="00:00:00.0018070" startTime="2020-08-06T19:28:55.0000000+00:00" endTime="2020-08-06T19:28:55.0000000+00:00" testType="13cdc9d9-ddb5-4fa4-a97d-d965ccfc6d4b" outcome="Passed" testListId="8c84fa94-04c1-424b-9868-57a2d4851a1d" relativeResultsDirectory="243d8c64-0a39-489f-96e5-568838b5cfa1" />
    <UnitTestResult executionId="4dbb1d48-027e-4a46-a189-629a64111e56" testId="e0cfddb0-b9b0-b12f-2d06-3b489e0e9736" testName="Authenticate_UserCredentialsIsCorrect_ReturnsToken" computerName="WIN-S8L41H46HBP" duration="00:00:00.0137960" startTime="2020-08-06T19:28:55.0000000+00:00" endTime="2020-08-06T19:28:55.0000000+00:00" testType="13cdc9d9-ddb5-4fa4-a97d-d965ccfc6d4b" outcome="Passed" testListId="8c84fa94-04c1-424b-9868-57a2d4851a1d" relativeResultsDirectory="4dbb1d48-027e-4a46-a189-629a64111e56" />
    <UnitTestResult executionId="7a1fd375-0fbd-433e-8213-2d636b2d542c" testId="cb3e492e-4c93-68d5-203b-6a28d2b1a949" testName="Post_IsDemandNull_ReturnsFalse" computerName="WIN-S8L41H46HBP" duration="00:00:00.3000640" startTime="2020-08-06T19:28:55.0000000+00:00" endTime="2020-08-06T19:28:55.0000000+00:00" testType="13cdc9d9-ddb5-4fa4-a97d-d965ccfc6d4b" outcome="Passed" testListId="8c84fa94-04c1-424b-9868-57a2d4851a1d" relativeResultsDirectory="7a1fd375-0fbd-433e-8213-2d636b2d542c" />
  </Results>
  <TestDefinitions>
    <UnitTest name="Post_IsDemandNull_ReturnsFalse" storage="d:\a\1\s\mastertestcode\samplemasterprojtest\bin\release\netcoreapp3.1\samplemasterprojtest.dll" id="cb3e492e-4c93-68d5-203b-6a28d2b1a949">
      <Execution id="7a1fd375-0fbd-433e-8213-2d636b2d542c" />
      <TestMethod codeBase="D:\a\1\s\MasterTestCode\SampleMasterProjTest\bin\release\netcoreapp3.1\SampleMasterProjTest.dll" adapterTypeName="executor://nunit3testexecutor/" className="SampleMasterProjTest.DemandControllerTests" name="Post_IsDemandNull_ReturnsFalse" />
    </UnitTest>
    <UnitTest name="Post_UserCredentialsIsNull_ReturnsBadRequest" storage="d:\a\1\s\mastertestcode\samplemasterprojtest\bin\release\netcoreapp3.1\samplemasterprojtest.dll" id="85392f5b-1414-385e-ac97-8bb868467195">
      <Execution id="243d8c64-0a39-489f-96e5-568838b5cfa1" />
      <TestMethod codeBase="D:\a\1\s\MasterTestCode\SampleMasterProjTest\bin\release\netcoreapp3.1\SampleMasterProjTest.dll" adapterTypeName="executor://nunit3testexecutor/" className="SampleMasterProjTest.UsersControllerTests" name="Post_UserCredentialsIsNull_ReturnsBadRequest" />
    </UnitTest>
    <UnitTest name="Gell_UserIsExit_ReturnsMatchedUser" storage="d:\a\1\s\mastertestcode\samplemasterprojtest\bin\release\netcoreapp3.1\samplemasterprojtest.dll" id="a2cb0198-f924-42db-629a-5399feeff5b8">
      <Execution id="86fc06a5-5757-4d97-9f79-c61f2b9ff48d" />
      <TestMethod codeBase="D:\a\1\s\MasterTestCode\SampleMasterProjTest\bin\release\netcoreapp3.1\SampleMasterProjTest.dll" adapterTypeName="executor://nunit3testexecutor/" className="SampleMasterProjTest.UsersControllerTests" name="Gell_UserIsExit_ReturnsMatchedUser" />
    </UnitTest>
    <UnitTest name="Authenticate_UserCredentialsIsCorrect_ReturnsToken" storage="d:\a\1\s\mastertestcode\samplemasterprojtest\bin\release\netcoreapp3.1\samplemasterprojtest.dll" id="e0cfddb0-b9b0-b12f-2d06-3b489e0e9736">
      <Execution id="4dbb1d48-027e-4a46-a189-629a64111e56" />
      <TestMethod codeBase="D:\a\1\s\MasterTestCode\SampleMasterProjTest\bin\release\netcoreapp3.1\SampleMasterProjTest.dll" adapterTypeName="executor://nunit3testexecutor/" className="SampleMasterProjTest.UsersControllerTests" name="Authenticate_UserCredentialsIsCorrect_ReturnsToken" />
    </UnitTest>
    <UnitTest name="GellAll_UserIsExist_ReturnsUserList" storage="d:\a\1\s\mastertestcode\samplemasterprojtest\bin\release\netcoreapp3.1\samplemasterprojtest.dll" id="e8be1150-b921-2789-9aa4-a2d6c8568c27">
      <Execution id="75dcf502-5098-48a2-bf4f-a54a1b79c1d7" />
      <TestMethod codeBase="D:\a\1\s\MasterTestCode\SampleMasterProjTest\bin\release\netcoreapp3.1\SampleMasterProjTest.dll" adapterTypeName="executor://nunit3testexecutor/" className="SampleMasterProjTest.UsersControllerTests" name="GellAll_UserIsExist_ReturnsUserList" />
    </UnitTest>
  </TestDefinitions>
  <TestEntries>
    <TestEntry testId="e8be1150-b921-2789-9aa4-a2d6c8568c27" executionId="75dcf502-5098-48a2-bf4f-a54a1b79c1d7" testListId="8c84fa94-04c1-424b-9868-57a2d4851a1d" />
    <TestEntry testId="a2cb0198-f924-42db-629a-5399feeff5b8" executionId="86fc06a5-5757-4d97-9f79-c61f2b9ff48d" testListId="8c84fa94-04c1-424b-9868-57a2d4851a1d" />
    <TestEntry testId="85392f5b-1414-385e-ac97-8bb868467195" executionId="243d8c64-0a39-489f-96e5-568838b5cfa1" testListId="8c84fa94-04c1-424b-9868-57a2d4851a1d" />
    <TestEntry testId="e0cfddb0-b9b0-b12f-2d06-3b489e0e9736" executionId="4dbb1d48-027e-4a46-a189-629a64111e56" testListId="8c84fa94-04c1-424b-9868-57a2d4851a1d" />
    <TestEntry testId="cb3e492e-4c93-68d5-203b-6a28d2b1a949" executionId="7a1fd375-0fbd-433e-8213-2d636b2d542c" testListId="8c84fa94-04c1-424b-9868-57a2d4851a1d" />
  </TestEntries>
  <TestLists>
    <TestList name="Results Not in a List" id="8c84fa94-04c1-424b-9868-57a2d4851a1d" />
    <TestList name="All Loaded Results" id="19431567-8539-422a-85d7-44ee4e166bda" />
  </TestLists>
  <ResultSummary outcome="Completed">
    <Counters total="5" executed="5" passed="5" failed="0" error="0" timeout="0" aborted="0" inconclusive="0" passedButRunAborted="0" notRunnable="0" notExecuted="0" disconnected="0" warning="0" completed="0" inProgress="0" pending="0" />
    <Output>
      <StdOut>NUnit Adapter 3.15.1.0: Test execution started&#xD;
Running all tests in D:\a\1\s\MasterTestCode\SampleMasterProjTest\bin\release\netcoreapp3.1\SampleMasterProjTest.dll&#xD;
   NUnit3TestExecutor converted 5 of 5 NUnit test cases&#xD;
NUnit Adapter 3.15.1.0: Test execution complete&#xD;
</StdOut>
    </Output>
  </ResultSummary>
</TestRun>