<?xml version="1.0" encoding="utf-8"?>
<TestRun id="b420f89b-0139-423e-afae-f4b13db32b8a" name="VssAdministrator@WIN-S8L41H46HBP 2020-08-07 09:48:41" runUser="WIN-S8L41H46HBP\VssAdministrator" xmlns="http://microsoft.com/schemas/VisualStudio/TeamTest/2010">
  <Times creation="2020-08-07T09:48:41.0624416+00:00" queuing="2020-08-07T09:48:41.0624418+00:00" start="2020-08-07T09:48:39.2228113+00:00" finish="2020-08-07T09:48:41.0856743+00:00" />
  <TestSettings name="default" id="3f81244b-a101-44d2-9c2b-0c3073f7ccaf">
    <Deployment runDeploymentRoot="VssAdministrator_WIN-S8L41H46HBP_2020-08-07_09_48_41" />
  </TestSettings>
  <Results>
    <UnitTestResult executionId="b88d4344-c730-4cc7-bb03-fae6c5b835e4" testId="cb3e492e-4c93-68d5-203b-6a28d2b1a949" testName="Post_IsDemandNull_ReturnsFalse" computerName="WIN-S8L41H46HBP" duration="00:00:00.2498340" startTime="2020-08-07T09:48:40.0000000+00:00" endTime="2020-08-07T09:48:40.0000000+00:00" testType="13cdc9d9-ddb5-4fa4-a97d-d965ccfc6d4b" outcome="Passed" testListId="8c84fa94-04c1-424b-9868-57a2d4851a1d" relativeResultsDirectory="b88d4344-c730-4cc7-bb03-fae6c5b835e4" />
    <UnitTestResult executionId="01ef6be2-0d4d-4126-b342-35eb09edf9e7" testId="a2cb0198-f924-42db-629a-5399feeff5b8" testName="Gell_UserIsExit_ReturnsMatchedUser" computerName="WIN-S8L41H46HBP" duration="00:00:00.0060930" startTime="2020-08-07T09:48:40.0000000+00:00" endTime="2020-08-07T09:48:40.0000000+00:00" testType="13cdc9d9-ddb5-4fa4-a97d-d965ccfc6d4b" outcome="Passed" testListId="8c84fa94-04c1-424b-9868-57a2d4851a1d" relativeResultsDirectory="01ef6be2-0d4d-4126-b342-35eb09edf9e7" />
    <UnitTestResult executionId="430ea15e-042f-41be-9c8d-0bf66acef7aa" testId="85392f5b-1414-385e-ac97-8bb868467195" testName="Post_UserCredentialsIsNull_ReturnsBadRequest" computerName="WIN-S8L41H46HBP" duration="00:00:00.0019230" startTime="2020-08-07T09:48:40.0000000+00:00" endTime="2020-08-07T09:48:40.0000000+00:00" testType="13cdc9d9-ddb5-4fa4-a97d-d965ccfc6d4b" outcome="Passed" testListId="8c84fa94-04c1-424b-9868-57a2d4851a1d" relativeResultsDirectory="430ea15e-042f-41be-9c8d-0bf66acef7aa" />
    <UnitTestResult executionId="481e5fea-1565-4f0d-8e7a-c487a090ff56" testId="e8be1150-b921-2789-9aa4-a2d6c8568c27" testName="GellAll_UserIsExist_ReturnsUserList" computerName="WIN-S8L41H46HBP" duration="00:00:00.0067810" startTime="2020-08-07T09:48:40.0000000+00:00" endTime="2020-08-07T09:48:40.0000000+00:00" testType="13cdc9d9-ddb5-4fa4-a97d-d965ccfc6d4b" outcome="Passed" testListId="8c84fa94-04c1-424b-9868-57a2d4851a1d" relativeResultsDirectory="481e5fea-1565-4f0d-8e7a-c487a090ff56" />
    <UnitTestResult executionId="ebded4df-fb82-44ce-bcea-070d0ddc1a00" testId="e0cfddb0-b9b0-b12f-2d06-3b489e0e9736" testName="Authenticate_UserCredentialsIsCorrect_ReturnsToken" computerName="WIN-S8L41H46HBP" duration="00:00:00.0175010" startTime="2020-08-07T09:48:40.0000000+00:00" endTime="2020-08-07T09:48:40.0000000+00:00" testType="13cdc9d9-ddb5-4fa4-a97d-d965ccfc6d4b" outcome="Passed" testListId="8c84fa94-04c1-424b-9868-57a2d4851a1d" relativeResultsDirectory="ebded4df-fb82-44ce-bcea-070d0ddc1a00" />
  </Results>
  <TestDefinitions>
    <UnitTest name="Post_IsDemandNull_ReturnsFalse" storage="d:\a\1\s\mastertestcode\samplemasterprojtest\bin\release\netcoreapp3.1\samplemasterprojtest.dll" id="cb3e492e-4c93-68d5-203b-6a28d2b1a949">
      <Execution id="b88d4344-c730-4cc7-bb03-fae6c5b835e4" />
      <TestMethod codeBase="D:\a\1\s\MasterTestCode\SampleMasterProjTest\bin\release\netcoreapp3.1\SampleMasterProjTest.dll" adapterTypeName="executor://nunit3testexecutor/" className="SampleMasterProjTest.DemandControllerTests" name="Post_IsDemandNull_ReturnsFalse" />
    </UnitTest>
    <UnitTest name="Post_UserCredentialsIsNull_ReturnsBadRequest" storage="d:\a\1\s\mastertestcode\samplemasterprojtest\bin\release\netcoreapp3.1\samplemasterprojtest.dll" id="85392f5b-1414-385e-ac97-8bb868467195">
      <Execution id="430ea15e-042f-41be-9c8d-0bf66acef7aa" />
      <TestMethod codeBase="D:\a\1\s\MasterTestCode\SampleMasterProjTest\bin\release\netcoreapp3.1\SampleMasterProjTest.dll" adapterTypeName="executor://nunit3testexecutor/" className="SampleMasterProjTest.UsersControllerTests" name="Post_UserCredentialsIsNull_ReturnsBadRequest" />
    </UnitTest>
    <UnitTest name="Gell_UserIsExit_ReturnsMatchedUser" storage="d:\a\1\s\mastertestcode\samplemasterprojtest\bin\release\netcoreapp3.1\samplemasterprojtest.dll" id="a2cb0198-f924-42db-629a-5399feeff5b8">
      <Execution id="01ef6be2-0d4d-4126-b342-35eb09edf9e7" />
      <TestMethod codeBase="D:\a\1\s\MasterTestCode\SampleMasterProjTest\bin\release\netcoreapp3.1\SampleMasterProjTest.dll" adapterTypeName="executor://nunit3testexecutor/" className="SampleMasterProjTest.UsersControllerTests" name="Gell_UserIsExit_ReturnsMatchedUser" />
    </UnitTest>
    <UnitTest name="Authenticate_UserCredentialsIsCorrect_ReturnsToken" storage="d:\a\1\s\mastertestcode\samplemasterprojtest\bin\release\netcoreapp3.1\samplemasterprojtest.dll" id="e0cfddb0-b9b0-b12f-2d06-3b489e0e9736">
      <Execution id="ebded4df-fb82-44ce-bcea-070d0ddc1a00" />
      <TestMethod codeBase="D:\a\1\s\MasterTestCode\SampleMasterProjTest\bin\release\netcoreapp3.1\SampleMasterProjTest.dll" adapterTypeName="executor://nunit3testexecutor/" className="SampleMasterProjTest.UsersControllerTests" name="Authenticate_UserCredentialsIsCorrect_ReturnsToken" />
    </UnitTest>
    <UnitTest name="GellAll_UserIsExist_ReturnsUserList" storage="d:\a\1\s\mastertestcode\samplemasterprojtest\bin\release\netcoreapp3.1\samplemasterprojtest.dll" id="e8be1150-b921-2789-9aa4-a2d6c8568c27">
      <Execution id="481e5fea-1565-4f0d-8e7a-c487a090ff56" />
      <TestMethod codeBase="D:\a\1\s\MasterTestCode\SampleMasterProjTest\bin\release\netcoreapp3.1\SampleMasterProjTest.dll" adapterTypeName="executor://nunit3testexecutor/" className="SampleMasterProjTest.UsersControllerTests" name="GellAll_UserIsExist_ReturnsUserList" />
    </UnitTest>
  </TestDefinitions>
  <TestEntries>
    <TestEntry testId="cb3e492e-4c93-68d5-203b-6a28d2b1a949" executionId="b88d4344-c730-4cc7-bb03-fae6c5b835e4" testListId="8c84fa94-04c1-424b-9868-57a2d4851a1d" />
    <TestEntry testId="a2cb0198-f924-42db-629a-5399feeff5b8" executionId="01ef6be2-0d4d-4126-b342-35eb09edf9e7" testListId="8c84fa94-04c1-424b-9868-57a2d4851a1d" />
    <TestEntry testId="85392f5b-1414-385e-ac97-8bb868467195" executionId="430ea15e-042f-41be-9c8d-0bf66acef7aa" testListId="8c84fa94-04c1-424b-9868-57a2d4851a1d" />
    <TestEntry testId="e8be1150-b921-2789-9aa4-a2d6c8568c27" executionId="481e5fea-1565-4f0d-8e7a-c487a090ff56" testListId="8c84fa94-04c1-424b-9868-57a2d4851a1d" />
    <TestEntry testId="e0cfddb0-b9b0-b12f-2d06-3b489e0e9736" executionId="ebded4df-fb82-44ce-bcea-070d0ddc1a00" testListId="8c84fa94-04c1-424b-9868-57a2d4851a1d" />
  </TestEntries>
  <TestLists>
    <TestList name="Results Not in a List" id="8c84fa94-04c1-424b-9868-57a2d4851a1d" />
    <TestList name="All Loaded Results" id="19431567-8539-422a-85d7-44ee4e166bda" />
  </TestLists>
  <ResultSummary outcome="Completed">
    <Counters total="5" executed="5" passed="5" failed="0" error="0" timeout="0" aborted="0" inconclusive="0" passedButRunAborted="0" notRunnable="0" notExecuted="0" disconnected="0" warning="0" completed="0" inProgress="0" pending="0" />
    <Output>
      <StdOut>NUnit Adapter 3.15.1.0: Test execution started&#xD;
Running all tests in D:\a\1\s\MasterTestCode\SampleMasterProjTest\bin\release\netcoreapp3.1\SampleMasterProjTest.dll&#xD;
   NUnit3TestExecutor converted 5 of 5 NUnit test cases&#xD;
NUnit Adapter 3.15.1.0: Test execution complete&#xD;
</StdOut>
    </Output>
  </ResultSummary>
</TestRun>