<?xml version="1.0" encoding="utf-8"?>
<TestRun id="df87e13f-f6c5-4440-81dc-cf7065e1bacb" name="VssAdministrator@WIN-S8L41H46HBP 2020-08-06 20:39:55" runUser="WIN-S8L41H46HBP\VssAdministrator" xmlns="http://microsoft.com/schemas/VisualStudio/TeamTest/2010">
  <Times creation="2020-08-06T20:39:55.9372495+00:00" queuing="2020-08-06T20:39:55.9372498+00:00" start="2020-08-06T20:39:54.3237394+00:00" finish="2020-08-06T20:39:55.9575693+00:00" />
  <TestSettings name="default" id="8c0f635f-3406-4692-8a4c-7f6255dd62d4">
    <Deployment runDeploymentRoot="VssAdministrator_WIN-S8L41H46HBP_2020-08-06_20_39_55" />
  </TestSettings>
  <Results>
    <UnitTestResult executionId="739c4312-a221-467c-97ae-3d8258a23e0a" testId="255b9f44-03cc-49e9-faa6-20a6256cb6d7" testName="Create_ReturnsAsActionResult_WithCreateDemandPage" computerName="WIN-S8L41H46HBP" duration="00:00:00.1603830" startTime="2020-08-06T20:39:55.0000000+00:00" endTime="2020-08-06T20:39:55.0000000+00:00" testType="13cdc9d9-ddb5-4fa4-a97d-d965ccfc6d4b" outcome="Passed" testListId="8c84fa94-04c1-424b-9868-57a2d4851a1d" relativeResultsDirectory="739c4312-a221-467c-97ae-3d8258a23e0a" />
    <UnitTestResult executionId="e449de6b-f4cf-4349-878f-0b22dd7e4745" testId="3e9d81a9-2161-ffa7-4bb5-0e6cceafbb7f" testName="Index_ReturnsAsActionResult_WithLoginPage" computerName="WIN-S8L41H46HBP" duration="00:00:00.0020900" startTime="2020-08-06T20:39:55.0000000+00:00" endTime="2020-08-06T20:39:55.0000000+00:00" testType="13cdc9d9-ddb5-4fa4-a97d-d965ccfc6d4b" outcome="Passed" testListId="8c84fa94-04c1-424b-9868-57a2d4851a1d" relativeResultsDirectory="e449de6b-f4cf-4349-878f-0b22dd7e4745" />
    <UnitTestResult executionId="7e06b767-516f-4ad8-9a33-580d1a6eba37" testId="188987af-fc24-3a25-baf2-185654e1a41b" testName="Dashboard_FailedToReturnsAsActionResult_WithoutDashboardPage" computerName="WIN-S8L41H46HBP" duration="00:00:00.0602680" startTime="2020-08-06T20:39:55.0000000+00:00" endTime="2020-08-06T20:39:55.0000000+00:00" testType="13cdc9d9-ddb5-4fa4-a97d-d965ccfc6d4b" outcome="Passed" testListId="8c84fa94-04c1-424b-9868-57a2d4851a1d" relativeResultsDirectory="7e06b767-516f-4ad8-9a33-580d1a6eba37" />
    <UnitTestResult executionId="75c95808-c057-4508-99b1-0c5e4876b41a" testId="369e88e4-e82a-d6e3-fdb0-70940b92f6a0" testName="Dashboard_ReturnsAsActionResult_WithDashboardPage" computerName="WIN-S8L41H46HBP" duration="00:00:00.0019390" startTime="2020-08-06T20:39:55.0000000+00:00" endTime="2020-08-06T20:39:55.0000000+00:00" testType="13cdc9d9-ddb5-4fa4-a97d-d965ccfc6d4b" outcome="Passed" testListId="8c84fa94-04c1-424b-9868-57a2d4851a1d" relativeResultsDirectory="75c95808-c057-4508-99b1-0c5e4876b41a" />
  </Results>
  <TestDefinitions>
    <UnitTest name="Index_ReturnsAsActionResult_WithLoginPage" storage="d:\a\1\s\mastertestcode\samplemasterwebtest\bin\release\netcoreapp3.1\samplemasterwebtest.dll" id="3e9d81a9-2161-ffa7-4bb5-0e6cceafbb7f">
      <Execution id="e449de6b-f4cf-4349-878f-0b22dd7e4745" />
      <TestMethod codeBase="D:\a\1\s\MasterTestCode\SampleMasterWebTest\bin\release\netcoreapp3.1\SampleMasterWebTest.dll" adapterTypeName="executor://nunit3testexecutor/" className="SampleMasterWebTest.LoginControllerTests" name="Index_ReturnsAsActionResult_WithLoginPage" />
    </UnitTest>
    <UnitTest name="Create_ReturnsAsActionResult_WithCreateDemandPage" storage="d:\a\1\s\mastertestcode\samplemasterwebtest\bin\release\netcoreapp3.1\samplemasterwebtest.dll" id="255b9f44-03cc-49e9-faa6-20a6256cb6d7">
      <Execution id="739c4312-a221-467c-97ae-3d8258a23e0a" />
      <TestMethod codeBase="D:\a\1\s\MasterTestCode\SampleMasterWebTest\bin\release\netcoreapp3.1\SampleMasterWebTest.dll" adapterTypeName="executor://nunit3testexecutor/" className="SampleMasterWebTest.DemandControllerTests" name="Create_ReturnsAsActionResult_WithCreateDemandPage" />
    </UnitTest>
    <UnitTest name="Dashboard_ReturnsAsActionResult_WithDashboardPage" storage="d:\a\1\s\mastertestcode\samplemasterwebtest\bin\release\netcoreapp3.1\samplemasterwebtest.dll" id="369e88e4-e82a-d6e3-fdb0-70940b92f6a0">
      <Execution id="75c95808-c057-4508-99b1-0c5e4876b41a" />
      <TestMethod codeBase="D:\a\1\s\MasterTestCode\SampleMasterWebTest\bin\release\netcoreapp3.1\SampleMasterWebTest.dll" adapterTypeName="executor://nunit3testexecutor/" className="SampleMasterWebTest.DashboardControllerTests" name="Dashboard_ReturnsAsActionResult_WithDashboardPage" />
    </UnitTest>
    <UnitTest name="Dashboard_FailedToReturnsAsActionResult_WithoutDashboardPage" storage="d:\a\1\s\mastertestcode\samplemasterwebtest\bin\release\netcoreapp3.1\samplemasterwebtest.dll" id="188987af-fc24-3a25-baf2-185654e1a41b">
      <Execution id="7e06b767-516f-4ad8-9a33-580d1a6eba37" />
      <TestMethod codeBase="D:\a\1\s\MasterTestCode\SampleMasterWebTest\bin\release\netcoreapp3.1\SampleMasterWebTest.dll" adapterTypeName="executor://nunit3testexecutor/" className="SampleMasterWebTest.DashboardControllerTests" name="Dashboard_FailedToReturnsAsActionResult_WithoutDashboardPage" />
    </UnitTest>
  </TestDefinitions>
  <TestEntries>
    <TestEntry testId="255b9f44-03cc-49e9-faa6-20a6256cb6d7" executionId="739c4312-a221-467c-97ae-3d8258a23e0a" testListId="8c84fa94-04c1-424b-9868-57a2d4851a1d" />
    <TestEntry testId="3e9d81a9-2161-ffa7-4bb5-0e6cceafbb7f" executionId="e449de6b-f4cf-4349-878f-0b22dd7e4745" testListId="8c84fa94-04c1-424b-9868-57a2d4851a1d" />
    <TestEntry testId="188987af-fc24-3a25-baf2-185654e1a41b" executionId="7e06b767-516f-4ad8-9a33-580d1a6eba37" testListId="8c84fa94-04c1-424b-9868-57a2d4851a1d" />
    <TestEntry testId="369e88e4-e82a-d6e3-fdb0-70940b92f6a0" executionId="75c95808-c057-4508-99b1-0c5e4876b41a" testListId="8c84fa94-04c1-424b-9868-57a2d4851a1d" />
  </TestEntries>
  <TestLists>
    <TestList name="Results Not in a List" id="8c84fa94-04c1-424b-9868-57a2d4851a1d" />
    <TestList name="All Loaded Results" id="19431567-8539-422a-85d7-44ee4e166bda" />
  </TestLists>
  <ResultSummary outcome="Completed">
    <Counters total="4" executed="4" passed="4" failed="0" error="0" timeout="0" aborted="0" inconclusive="0" passedButRunAborted="0" notRunnable="0" notExecuted="0" disconnected="0" warning="0" completed="0" inProgress="0" pending="0" />
    <Output>
      <StdOut>NUnit Adapter 3.15.1.0: Test execution started&#xD;
Running all tests in D:\a\1\s\MasterTestCode\SampleMasterWebTest\bin\release\netcoreapp3.1\SampleMasterWebTest.dll&#xD;
   NUnit3TestExecutor converted 4 of 4 NUnit test cases&#xD;
NUnit Adapter 3.15.1.0: Test execution complete&#xD;
</StdOut>
    </Output>
  </ResultSummary>
</TestRun>